<?xml version="1.0" encoding="UTF-8"?>
<testsuite name="ui_tests.AlexMed.RegistrationTests" tests="4" skipped="0" failures="4" errors="0" timestamp="2023-03-21T13:13:14" hostname="LAPTOP-LL83AM04" time="51.525">
  <properties/>
  <testcase name="registrationPositiveTest[0](UserModel(name=Aleksei1, email=aleksey2@mail.com, password=Zxcv1234!, confirmPassword=Zxcv1234!))" classname="ui_tests.AlexMed.RegistrationTests" time="5.457">
    <failure message="java.lang.AssertionError: expected [true] but found [false]" type="java.lang.AssertionError">java.lang.AssertionError: expected [true] but found [false]
	at org.testng.Assert.fail(Assert.java:99)
	at org.testng.Assert.failNotEquals(Assert.java:1037)
	at org.testng.Assert.assertTrue(Assert.java:45)
	at org.testng.Assert.assertTrue(Assert.java:55)
	at ui_tests.AlexMed.RegistrationTests.registrationPositiveTest(RegistrationTests.java:21)
	at sun.reflect.NativeMethodAccessorImpl.invoke0(Native Method)
	at sun.reflect.NativeMethodAccessorImpl.invoke(NativeMethodAccessorImpl.java:62)
	at sun.reflect.DelegatingMethodAccessorImpl.invoke(DelegatingMethodAccessorImpl.java:43)
	at java.lang.reflect.Method.invoke(Method.java:498)
	at org.testng.internal.MethodInvocationHelper.invokeMethod(MethodInvocationHelper.java:133)
	at org.testng.internal.TestInvoker.invokeMethod(TestInvoker.java:598)
	at org.testng.internal.TestInvoker.invokeTestMethod(TestInvoker.java:173)
	at org.testng.internal.MethodRunner.runInSequence(MethodRunner.java:46)
	at org.testng.internal.TestInvoker$MethodInvocationAgent.invoke(TestInvoker.java:824)
	at org.testng.internal.TestInvoker.invokeTestMethods(TestInvoker.java:146)
	at org.testng.internal.TestMethodWorker.invokeTestMethods(TestMethodWorker.java:146)
	at org.testng.internal.TestMethodWorker.run(TestMethodWorker.java:128)
	at java.util.ArrayList.forEach(ArrayList.java:1259)
	at org.testng.TestRunner.privateRun(TestRunner.java:794)
	at org.testng.TestRunner.run(TestRunner.java:596)
	at org.testng.SuiteRunner.runTest(SuiteRunner.java:377)
	at org.testng.SuiteRunner.runSequentially(SuiteRunner.java:371)
	at org.testng.SuiteRunner.privateRun(SuiteRunner.java:332)
	at org.testng.SuiteRunner.run(SuiteRunner.java:276)
	at org.testng.SuiteRunnerWorker.runSuite(SuiteRunnerWorker.java:53)
	at org.testng.SuiteRunnerWorker.run(SuiteRunnerWorker.java:96)
	at org.testng.TestNG.runSuitesSequentially(TestNG.java:1212)
	at org.testng.TestNG.runSuitesLocally(TestNG.java:1134)
	at org.testng.TestNG.runSuites(TestNG.java:1063)
	at org.testng.TestNG.run(TestNG.java:1031)
	at org.gradle.api.internal.tasks.testing.testng.TestNGTestClassProcessor.runTests(TestNGTestClassProcessor.java:141)
	at org.gradle.api.internal.tasks.testing.testng.TestNGTestClassProcessor.stop(TestNGTestClassProcessor.java:90)
	at org.gradle.api.internal.tasks.testing.SuiteTestClassProcessor.stop(SuiteTestClassProcessor.java:61)
	at sun.reflect.NativeMethodAccessorImpl.invoke0(Native Method)
	at sun.reflect.NativeMethodAccessorImpl.invoke(NativeMethodAccessorImpl.java:62)
	at sun.reflect.DelegatingMethodAccessorImpl.invoke(DelegatingMethodAccessorImpl.java:43)
	at java.lang.reflect.Method.invoke(Method.java:498)
	at org.gradle.internal.dispatch.ReflectionDispatch.dispatch(ReflectionDispatch.java:36)
	at org.gradle.internal.dispatch.ReflectionDispatch.dispatch(ReflectionDispatch.java:24)
	at org.gradle.internal.dispatch.ContextClassLoaderDispatch.dispatch(ContextClassLoaderDispatch.java:33)
	at org.gradle.internal.dispatch.ProxyDispatchAdapter$DispatchingInvocationHandler.invoke(ProxyDispatchAdapter.java:94)
	at com.sun.proxy.$Proxy2.stop(Unknown Source)
	at org.gradle.api.internal.tasks.testing.worker.TestWorker$3.run(TestWorker.java:193)
	at org.gradle.api.internal.tasks.testing.worker.TestWorker.executeAndMaintainThreadName(TestWorker.java:129)
	at org.gradle.api.internal.tasks.testing.worker.TestWorker.execute(TestWorker.java:100)
	at org.gradle.api.internal.tasks.testing.worker.TestWorker.execute(TestWorker.java:60)
	at org.gradle.process.internal.worker.child.ActionExecutionWorker.execute(ActionExecutionWorker.java:56)
	at org.gradle.process.internal.worker.child.SystemApplicationClassLoaderWorker.call(SystemApplicationClassLoaderWorker.java:133)
	at org.gradle.process.internal.worker.child.SystemApplicationClassLoaderWorker.call(SystemApplicationClassLoaderWorker.java:71)
	at worker.org.gradle.process.internal.worker.GradleWorkerMain.run(GradleWorkerMain.java:69)
	at worker.org.gradle.process.internal.worker.GradleWorkerMain.main(GradleWorkerMain.java:74)
</failure>
  </testcase>
  <testcase name="registrationPositiveTest[1](UserModel(name=Svetlana1, email=svetlana2@mail.com, password=Asdfg1234_, confirmPassword=Asdfg1234_))" classname="ui_tests.AlexMed.RegistrationTests" time="5.444">
    <failure message="java.lang.AssertionError: expected [true] but found [false]" type="java.lang.AssertionError">java.lang.AssertionError: expected [true] but found [false]
	at org.testng.Assert.fail(Assert.java:99)
	at org.testng.Assert.failNotEquals(Assert.java:1037)
	at org.testng.Assert.assertTrue(Assert.java:45)
	at org.testng.Assert.assertTrue(Assert.java:55)
	at ui_tests.AlexMed.RegistrationTests.registrationPositiveTest(RegistrationTests.java:21)
	at sun.reflect.NativeMethodAccessorImpl.invoke0(Native Method)
	at sun.reflect.NativeMethodAccessorImpl.invoke(NativeMethodAccessorImpl.java:62)
	at sun.reflect.DelegatingMethodAccessorImpl.invoke(DelegatingMethodAccessorImpl.java:43)
	at java.lang.reflect.Method.invoke(Method.java:498)
	at org.testng.internal.MethodInvocationHelper.invokeMethod(MethodInvocationHelper.java:133)
	at org.testng.internal.TestInvoker.invokeMethod(TestInvoker.java:598)
	at org.testng.internal.TestInvoker.invokeTestMethod(TestInvoker.java:173)
	at org.testng.internal.MethodRunner.runInSequence(MethodRunner.java:46)
	at org.testng.internal.TestInvoker$MethodInvocationAgent.invoke(TestInvoker.java:824)
	at org.testng.internal.TestInvoker.invokeTestMethods(TestInvoker.java:146)
	at org.testng.internal.TestMethodWorker.invokeTestMethods(TestMethodWorker.java:146)
	at org.testng.internal.TestMethodWorker.run(TestMethodWorker.java:128)
	at java.util.ArrayList.forEach(ArrayList.java:1259)
	at org.testng.TestRunner.privateRun(TestRunner.java:794)
	at org.testng.TestRunner.run(TestRunner.java:596)
	at org.testng.SuiteRunner.runTest(SuiteRunner.java:377)
	at org.testng.SuiteRunner.runSequentially(SuiteRunner.java:371)
	at org.testng.SuiteRunner.privateRun(SuiteRunner.java:332)
	at org.testng.SuiteRunner.run(SuiteRunner.java:276)
	at org.testng.SuiteRunnerWorker.runSuite(SuiteRunnerWorker.java:53)
	at org.testng.SuiteRunnerWorker.run(SuiteRunnerWorker.java:96)
	at org.testng.TestNG.runSuitesSequentially(TestNG.java:1212)
	at org.testng.TestNG.runSuitesLocally(TestNG.java:1134)
	at org.testng.TestNG.runSuites(TestNG.java:1063)
	at org.testng.TestNG.run(TestNG.java:1031)
	at org.gradle.api.internal.tasks.testing.testng.TestNGTestClassProcessor.runTests(TestNGTestClassProcessor.java:141)
	at org.gradle.api.internal.tasks.testing.testng.TestNGTestClassProcessor.stop(TestNGTestClassProcessor.java:90)
	at org.gradle.api.internal.tasks.testing.SuiteTestClassProcessor.stop(SuiteTestClassProcessor.java:61)
	at sun.reflect.NativeMethodAccessorImpl.invoke0(Native Method)
	at sun.reflect.NativeMethodAccessorImpl.invoke(NativeMethodAccessorImpl.java:62)
	at sun.reflect.DelegatingMethodAccessorImpl.invoke(DelegatingMethodAccessorImpl.java:43)
	at java.lang.reflect.Method.invoke(Method.java:498)
	at org.gradle.internal.dispatch.ReflectionDispatch.dispatch(ReflectionDispatch.java:36)
	at org.gradle.internal.dispatch.ReflectionDispatch.dispatch(ReflectionDispatch.java:24)
	at org.gradle.internal.dispatch.ContextClassLoaderDispatch.dispatch(ContextClassLoaderDispatch.java:33)
	at org.gradle.internal.dispatch.ProxyDispatchAdapter$DispatchingInvocationHandler.invoke(ProxyDispatchAdapter.java:94)
	at com.sun.proxy.$Proxy2.stop(Unknown Source)
	at org.gradle.api.internal.tasks.testing.worker.TestWorker$3.run(TestWorker.java:193)
	at org.gradle.api.internal.tasks.testing.worker.TestWorker.executeAndMaintainThreadName(TestWorker.java:129)
	at org.gradle.api.internal.tasks.testing.worker.TestWorker.execute(TestWorker.java:100)
	at org.gradle.api.internal.tasks.testing.worker.TestWorker.execute(TestWorker.java:60)
	at org.gradle.process.internal.worker.child.ActionExecutionWorker.execute(ActionExecutionWorker.java:56)
	at org.gradle.process.internal.worker.child.SystemApplicationClassLoaderWorker.call(SystemApplicationClassLoaderWorker.java:133)
	at org.gradle.process.internal.worker.child.SystemApplicationClassLoaderWorker.call(SystemApplicationClassLoaderWorker.java:71)
	at worker.org.gradle.process.internal.worker.GradleWorkerMain.run(GradleWorkerMain.java:69)
	at worker.org.gradle.process.internal.worker.GradleWorkerMain.main(GradleWorkerMain.java:74)
</failure>
  </testcase>
  <testcase name="registrationPositiveTest[2](UserModel(name=Fill1, email=fill2@mail.com, password=Pass1111$, confirmPassword=Pass1111$))" classname="ui_tests.AlexMed.RegistrationTests" time="5.421">
    <failure message="java.lang.AssertionError: expected [true] but found [false]" type="java.lang.AssertionError">java.lang.AssertionError: expected [true] but found [false]
	at org.testng.Assert.fail(Assert.java:99)
	at org.testng.Assert.failNotEquals(Assert.java:1037)
	at org.testng.Assert.assertTrue(Assert.java:45)
	at org.testng.Assert.assertTrue(Assert.java:55)
	at ui_tests.AlexMed.RegistrationTests.registrationPositiveTest(RegistrationTests.java:21)
	at sun.reflect.NativeMethodAccessorImpl.invoke0(Native Method)
	at sun.reflect.NativeMethodAccessorImpl.invoke(NativeMethodAccessorImpl.java:62)
	at sun.reflect.DelegatingMethodAccessorImpl.invoke(DelegatingMethodAccessorImpl.java:43)
	at java.lang.reflect.Method.invoke(Method.java:498)
	at org.testng.internal.MethodInvocationHelper.invokeMethod(MethodInvocationHelper.java:133)
	at org.testng.internal.TestInvoker.invokeMethod(TestInvoker.java:598)
	at org.testng.internal.TestInvoker.invokeTestMethod(TestInvoker.java:173)
	at org.testng.internal.MethodRunner.runInSequence(MethodRunner.java:46)
	at org.testng.internal.TestInvoker$MethodInvocationAgent.invoke(TestInvoker.java:824)
	at org.testng.internal.TestInvoker.invokeTestMethods(TestInvoker.java:146)
	at org.testng.internal.TestMethodWorker.invokeTestMethods(TestMethodWorker.java:146)
	at org.testng.internal.TestMethodWorker.run(TestMethodWorker.java:128)
	at java.util.ArrayList.forEach(ArrayList.java:1259)
	at org.testng.TestRunner.privateRun(TestRunner.java:794)
	at org.testng.TestRunner.run(TestRunner.java:596)
	at org.testng.SuiteRunner.runTest(SuiteRunner.java:377)
	at org.testng.SuiteRunner.runSequentially(SuiteRunner.java:371)
	at org.testng.SuiteRunner.privateRun(SuiteRunner.java:332)
	at org.testng.SuiteRunner.run(SuiteRunner.java:276)
	at org.testng.SuiteRunnerWorker.runSuite(SuiteRunnerWorker.java:53)
	at org.testng.SuiteRunnerWorker.run(SuiteRunnerWorker.java:96)
	at org.testng.TestNG.runSuitesSequentially(TestNG.java:1212)
	at org.testng.TestNG.runSuitesLocally(TestNG.java:1134)
	at org.testng.TestNG.runSuites(TestNG.java:1063)
	at org.testng.TestNG.run(TestNG.java:1031)
	at org.gradle.api.internal.tasks.testing.testng.TestNGTestClassProcessor.runTests(TestNGTestClassProcessor.java:141)
	at org.gradle.api.internal.tasks.testing.testng.TestNGTestClassProcessor.stop(TestNGTestClassProcessor.java:90)
	at org.gradle.api.internal.tasks.testing.SuiteTestClassProcessor.stop(SuiteTestClassProcessor.java:61)
	at sun.reflect.NativeMethodAccessorImpl.invoke0(Native Method)
	at sun.reflect.NativeMethodAccessorImpl.invoke(NativeMethodAccessorImpl.java:62)
	at sun.reflect.DelegatingMethodAccessorImpl.invoke(DelegatingMethodAccessorImpl.java:43)
	at java.lang.reflect.Method.invoke(Method.java:498)
	at org.gradle.internal.dispatch.ReflectionDispatch.dispatch(ReflectionDispatch.java:36)
	at org.gradle.internal.dispatch.ReflectionDispatch.dispatch(ReflectionDispatch.java:24)
	at org.gradle.internal.dispatch.ContextClassLoaderDispatch.dispatch(ContextClassLoaderDispatch.java:33)
	at org.gradle.internal.dispatch.ProxyDispatchAdapter$DispatchingInvocationHandler.invoke(ProxyDispatchAdapter.java:94)
	at com.sun.proxy.$Proxy2.stop(Unknown Source)
	at org.gradle.api.internal.tasks.testing.worker.TestWorker$3.run(TestWorker.java:193)
	at org.gradle.api.internal.tasks.testing.worker.TestWorker.executeAndMaintainThreadName(TestWorker.java:129)
	at org.gradle.api.internal.tasks.testing.worker.TestWorker.execute(TestWorker.java:100)
	at org.gradle.api.internal.tasks.testing.worker.TestWorker.execute(TestWorker.java:60)
	at org.gradle.process.internal.worker.child.ActionExecutionWorker.execute(ActionExecutionWorker.java:56)
	at org.gradle.process.internal.worker.child.SystemApplicationClassLoaderWorker.call(SystemApplicationClassLoaderWorker.java:133)
	at org.gradle.process.internal.worker.child.SystemApplicationClassLoaderWorker.call(SystemApplicationClassLoaderWorker.java:71)
	at worker.org.gradle.process.internal.worker.GradleWorkerMain.run(GradleWorkerMain.java:69)
	at worker.org.gradle.process.internal.worker.GradleWorkerMain.main(GradleWorkerMain.java:74)
</failure>
  </testcase>
  <testcase name="registrationPositiveTest[3](UserModel(name=Bob1, email=bob2@mail.com, password=332211Pq!, confirmPassword=332211Pq!))" classname="ui_tests.AlexMed.RegistrationTests" time="5.47">
    <failure message="java.lang.AssertionError: expected [true] but found [false]" type="java.lang.AssertionError">java.lang.AssertionError: expected [true] but found [false]
	at org.testng.Assert.fail(Assert.java:99)
	at org.testng.Assert.failNotEquals(Assert.java:1037)
	at org.testng.Assert.assertTrue(Assert.java:45)
	at org.testng.Assert.assertTrue(Assert.java:55)
	at ui_tests.AlexMed.RegistrationTests.registrationPositiveTest(RegistrationTests.java:21)
	at sun.reflect.NativeMethodAccessorImpl.invoke0(Native Method)
	at sun.reflect.NativeMethodAccessorImpl.invoke(NativeMethodAccessorImpl.java:62)
	at sun.reflect.DelegatingMethodAccessorImpl.invoke(DelegatingMethodAccessorImpl.java:43)
	at java.lang.reflect.Method.invoke(Method.java:498)
	at org.testng.internal.MethodInvocationHelper.invokeMethod(MethodInvocationHelper.java:133)
	at org.testng.internal.TestInvoker.invokeMethod(TestInvoker.java:598)
	at org.testng.internal.TestInvoker.invokeTestMethod(TestInvoker.java:173)
	at org.testng.internal.MethodRunner.runInSequence(MethodRunner.java:46)
	at org.testng.internal.TestInvoker$MethodInvocationAgent.invoke(TestInvoker.java:824)
	at org.testng.internal.TestInvoker.invokeTestMethods(TestInvoker.java:146)
	at org.testng.internal.TestMethodWorker.invokeTestMethods(TestMethodWorker.java:146)
	at org.testng.internal.TestMethodWorker.run(TestMethodWorker.java:128)
	at java.util.ArrayList.forEach(ArrayList.java:1259)
	at org.testng.TestRunner.privateRun(TestRunner.java:794)
	at org.testng.TestRunner.run(TestRunner.java:596)
	at org.testng.SuiteRunner.runTest(SuiteRunner.java:377)
	at org.testng.SuiteRunner.runSequentially(SuiteRunner.java:371)
	at org.testng.SuiteRunner.privateRun(SuiteRunner.java:332)
	at org.testng.SuiteRunner.run(SuiteRunner.java:276)
	at org.testng.SuiteRunnerWorker.runSuite(SuiteRunnerWorker.java:53)
	at org.testng.SuiteRunnerWorker.run(SuiteRunnerWorker.java:96)
	at org.testng.TestNG.runSuitesSequentially(TestNG.java:1212)
	at org.testng.TestNG.runSuitesLocally(TestNG.java:1134)
	at org.testng.TestNG.runSuites(TestNG.java:1063)
	at org.testng.TestNG.run(TestNG.java:1031)
	at org.gradle.api.internal.tasks.testing.testng.TestNGTestClassProcessor.runTests(TestNGTestClassProcessor.java:141)
	at org.gradle.api.internal.tasks.testing.testng.TestNGTestClassProcessor.stop(TestNGTestClassProcessor.java:90)
	at org.gradle.api.internal.tasks.testing.SuiteTestClassProcessor.stop(SuiteTestClassProcessor.java:61)
	at sun.reflect.NativeMethodAccessorImpl.invoke0(Native Method)
	at sun.reflect.NativeMethodAccessorImpl.invoke(NativeMethodAccessorImpl.java:62)
	at sun.reflect.DelegatingMethodAccessorImpl.invoke(DelegatingMethodAccessorImpl.java:43)
	at java.lang.reflect.Method.invoke(Method.java:498)
	at org.gradle.internal.dispatch.ReflectionDispatch.dispatch(ReflectionDispatch.java:36)
	at org.gradle.internal.dispatch.ReflectionDispatch.dispatch(ReflectionDispatch.java:24)
	at org.gradle.internal.dispatch.ContextClassLoaderDispatch.dispatch(ContextClassLoaderDispatch.java:33)
	at org.gradle.internal.dispatch.ProxyDispatchAdapter$DispatchingInvocationHandler.invoke(ProxyDispatchAdapter.java:94)
	at com.sun.proxy.$Proxy2.stop(Unknown Source)
	at org.gradle.api.internal.tasks.testing.worker.TestWorker$3.run(TestWorker.java:193)
	at org.gradle.api.internal.tasks.testing.worker.TestWorker.executeAndMaintainThreadName(TestWorker.java:129)
	at org.gradle.api.internal.tasks.testing.worker.TestWorker.execute(TestWorker.java:100)
	at org.gradle.api.internal.tasks.testing.worker.TestWorker.execute(TestWorker.java:60)
	at org.gradle.process.internal.worker.child.ActionExecutionWorker.execute(ActionExecutionWorker.java:56)
	at org.gradle.process.internal.worker.child.SystemApplicationClassLoaderWorker.call(SystemApplicationClassLoaderWorker.java:133)
	at org.gradle.process.internal.worker.child.SystemApplicationClassLoaderWorker.call(SystemApplicationClassLoaderWorker.java:71)
	at worker.org.gradle.process.internal.worker.GradleWorkerMain.run(GradleWorkerMain.java:69)
	at worker.org.gradle.process.internal.worker.GradleWorkerMain.main(GradleWorkerMain.java:74)
</failure>
  </testcase>
  <system-out><![CDATA[15:13:06.926 [Test worker] DEBUG i.n.u.i.l.InternalLoggerFactory - Using SLF4J as the default logging framework
15:13:06.936 [Test worker] DEBUG io.netty.util.ResourceLeakDetector - -Dio.netty.leakDetection.level: simple
15:13:06.937 [Test worker] DEBUG io.netty.util.ResourceLeakDetector - -Dio.netty.leakDetection.targetRecords: 4
15:13:06.945 [Test worker] DEBUG i.n.util.ResourceLeakDetectorFactory - Loaded default ResourceLeakDetector: io.netty.util.ResourceLeakDetector@34bde49d
15:13:06.982 [Test worker] DEBUG i.n.util.internal.PlatformDependent0 - -Dio.netty.noUnsafe: false
15:13:06.983 [Test worker] DEBUG i.n.util.internal.PlatformDependent0 - Java version: 8
15:13:06.985 [Test worker] DEBUG i.n.util.internal.PlatformDependent0 - sun.misc.Unsafe.theUnsafe: available
15:13:06.987 [Test worker] DEBUG i.n.util.internal.PlatformDependent0 - sun.misc.Unsafe.copyMemory: available
15:13:06.988 [Test worker] DEBUG i.n.util.internal.PlatformDependent0 - sun.misc.Unsafe.storeFence: available
15:13:06.990 [Test worker] DEBUG i.n.util.internal.PlatformDependent0 - java.nio.Buffer.address: available
15:13:06.991 [Test worker] DEBUG i.n.util.internal.PlatformDependent0 - direct buffer constructor: available
15:13:06.993 [Test worker] DEBUG i.n.util.internal.PlatformDependent0 - java.nio.Bits.unaligned: available, true
15:13:06.993 [Test worker] DEBUG i.n.util.internal.PlatformDependent0 - jdk.internal.misc.Unsafe.allocateUninitializedArray(int): unavailable prior to Java9
15:13:06.994 [Test worker] DEBUG i.n.util.internal.PlatformDependent0 - java.nio.DirectByteBuffer.<init>(long, int): available
15:13:06.994 [Test worker] DEBUG i.n.util.internal.PlatformDependent - sun.misc.Unsafe: available
15:13:06.995 [Test worker] DEBUG i.n.util.internal.PlatformDependent - -Dio.netty.tmpdir: C:\Users\User\AppData\Local\Temp (java.io.tmpdir)
15:13:06.996 [Test worker] DEBUG i.n.util.internal.PlatformDependent - -Dio.netty.bitMode: 64 (sun.arch.data.model)
15:13:06.997 [Test worker] DEBUG i.n.util.internal.PlatformDependent - Platform: Windows
15:13:06.999 [Test worker] DEBUG i.n.util.internal.PlatformDependent - -Dio.netty.maxDirectMemory: 477626368 bytes
15:13:06.999 [Test worker] DEBUG i.n.util.internal.PlatformDependent - -Dio.netty.uninitializedArrayAllocationThreshold: -1
15:13:07.002 [Test worker] DEBUG io.netty.util.internal.CleanerJava6 - java.nio.ByteBuffer.cleaner(): available
15:13:07.002 [Test worker] DEBUG i.n.util.internal.PlatformDependent - -Dio.netty.noPreferDirect: false
15:13:07.019 [Test worker] DEBUG i.n.util.internal.PlatformDependent - org.jctools-core.MpscChunkedArrayQueue: available
15:13:07.061 [Test worker] DEBUG i.n.u.i.InternalThreadLocalMap - -Dio.netty.threadLocalMap.stringBuilder.initialSize: 1024
15:13:07.062 [Test worker] DEBUG i.n.u.i.InternalThreadLocalMap - -Dio.netty.threadLocalMap.stringBuilder.maxSize: 4096
15:13:07.602 [Test worker] DEBUG io.netty.handler.ssl.JdkSslContext - Default protocols (JDK): [TLSv1.2] 
15:13:07.602 [Test worker] DEBUG io.netty.handler.ssl.JdkSslContext - Default cipher suites (JDK): [TLS_ECDHE_ECDSA_WITH_AES_256_GCM_SHA384, TLS_ECDHE_ECDSA_WITH_AES_128_GCM_SHA256, TLS_ECDHE_RSA_WITH_AES_128_GCM_SHA256, TLS_ECDHE_RSA_WITH_AES_256_GCM_SHA384, TLS_ECDHE_RSA_WITH_AES_128_CBC_SHA, TLS_ECDHE_RSA_WITH_AES_256_CBC_SHA, TLS_RSA_WITH_AES_128_GCM_SHA256, TLS_RSA_WITH_AES_128_CBC_SHA, TLS_RSA_WITH_AES_256_CBC_SHA, TLS_AES_128_GCM_SHA256, TLS_AES_256_GCM_SHA384]
15:13:07.648 [Test worker] DEBUG i.n.c.MultithreadEventLoopGroup - -Dio.netty.eventLoopThreads: 8
15:13:07.662 [Test worker] DEBUG io.netty.channel.nio.NioEventLoop - -Dio.netty.noKeySetOptimization: false
15:13:07.662 [Test worker] DEBUG io.netty.channel.nio.NioEventLoop - -Dio.netty.selectorAutoRebuildThreshold: 512
15:13:07.714 [Test worker] DEBUG i.n.buffer.PooledByteBufAllocator - -Dio.netty.allocator.numHeapArenas: 8
15:13:07.714 [Test worker] DEBUG i.n.buffer.PooledByteBufAllocator - -Dio.netty.allocator.numDirectArenas: 8
15:13:07.714 [Test worker] DEBUG i.n.buffer.PooledByteBufAllocator - -Dio.netty.allocator.pageSize: 8192
15:13:07.715 [Test worker] DEBUG i.n.buffer.PooledByteBufAllocator - -Dio.netty.allocator.maxOrder: 9
15:13:07.715 [Test worker] DEBUG i.n.buffer.PooledByteBufAllocator - -Dio.netty.allocator.chunkSize: 4194304
15:13:07.715 [Test worker] DEBUG i.n.buffer.PooledByteBufAllocator - -Dio.netty.allocator.smallCacheSize: 256
15:13:07.716 [Test worker] DEBUG i.n.buffer.PooledByteBufAllocator - -Dio.netty.allocator.normalCacheSize: 64
15:13:07.716 [Test worker] DEBUG i.n.buffer.PooledByteBufAllocator - -Dio.netty.allocator.maxCachedBufferCapacity: 32768
15:13:07.716 [Test worker] DEBUG i.n.buffer.PooledByteBufAllocator - -Dio.netty.allocator.cacheTrimInterval: 8192
15:13:07.716 [Test worker] DEBUG i.n.buffer.PooledByteBufAllocator - -Dio.netty.allocator.cacheTrimIntervalMillis: 0
15:13:07.716 [Test worker] DEBUG i.n.buffer.PooledByteBufAllocator - -Dio.netty.allocator.useCacheForAllThreads: false
15:13:07.717 [Test worker] DEBUG i.n.buffer.PooledByteBufAllocator - -Dio.netty.allocator.maxCachedByteBuffersPerChunk: 1023
15:13:07.786 [Test worker] DEBUG io.netty.buffer.ByteBufUtil - -Dio.netty.allocator.type: pooled
15:13:07.787 [Test worker] DEBUG io.netty.buffer.ByteBufUtil - -Dio.netty.threadLocalDirectBufferSize: 0
15:13:07.787 [Test worker] DEBUG io.netty.buffer.ByteBufUtil - -Dio.netty.maxThreadLocalCharBufferSize: 16384
15:13:08.811 [Forwarding newSession on session null to remote] DEBUG io.netty.channel.DefaultChannelId - -Dio.netty.processId: 14732 (auto-detected)
15:13:08.815 [Forwarding newSession on session null to remote] DEBUG io.netty.util.NetUtil - -Djava.net.preferIPv4Stack: false
15:13:08.815 [Forwarding newSession on session null to remote] DEBUG io.netty.util.NetUtil - -Djava.net.preferIPv6Addresses: false
15:13:08.943 [Forwarding newSession on session null to remote] DEBUG io.netty.util.NetUtilInitializations - Loopback interface: lo (Software Loopback Interface 1, 127.0.0.1)
15:13:08.946 [Forwarding newSession on session null to remote] DEBUG io.netty.util.NetUtil - Failed to get SOMAXCONN from sysctl and file \proc\sys\net\core\somaxconn. Default: 200
15:13:09.074 [Forwarding newSession on session null to remote] DEBUG io.netty.channel.DefaultChannelId - -Dio.netty.machineId: 74:4c:a1:ff:fe:66:19:79 (auto-detected)
15:13:09.161 [AsyncHttpClient-1-2] DEBUG io.netty.buffer.AbstractByteBuf - -Dio.netty.buffer.checkAccessible: true
15:13:09.162 [AsyncHttpClient-1-2] DEBUG io.netty.buffer.AbstractByteBuf - -Dio.netty.buffer.checkBounds: true
15:13:09.162 [AsyncHttpClient-1-2] DEBUG i.n.util.ResourceLeakDetectorFactory - Loaded default ResourceLeakDetector: io.netty.util.ResourceLeakDetector@772a7fa0
15:13:09.185 [AsyncHttpClient-1-2] DEBUG o.a.n.channel.NettyConnectListener - Using new Channel '[id: 0x4d628c60, L:/127.0.0.1:52666 - R:localhost/127.0.0.1:60207]' for 'POST' to '/session'
15:13:09.228 [AsyncHttpClient-1-2] DEBUG io.netty.util.Recycler - -Dio.netty.recycler.maxCapacityPerThread: 4096
15:13:09.229 [AsyncHttpClient-1-2] DEBUG io.netty.util.Recycler - -Dio.netty.recycler.ratio: 8
15:13:09.229 [AsyncHttpClient-1-2] DEBUG io.netty.util.Recycler - -Dio.netty.recycler.chunkSize: 32
15:13:09.229 [AsyncHttpClient-1-2] DEBUG io.netty.util.Recycler - -Dio.netty.recycler.blocking: false
15:13:10.319 [AsyncHttpClient-1-2] DEBUG i.n.handler.codec.compression.Brotli - brotli4j not in the classpath; Brotli support will be unavailable.
15:13:10.319 [AsyncHttpClient-1-2] DEBUG o.a.netty.handler.HttpHandler - 

Request DefaultHttpRequest(decodeResult: success, version: HTTP/1.1)
POST /session HTTP/1.1
User-Agent: selenium/4.4.0 (java windows)
Content-Length: 439
Content-Type: application/json; charset=utf-8
host: localhost:60207
accept: */*

Response DefaultHttpResponse(decodeResult: success, version: HTTP/1.1)
HTTP/1.1 200 OK
Content-Type: application/json; charset=utf-8
cache-control: no-cache
content-length: 857

15:13:10.340 [AsyncHttpClient-1-2] DEBUG o.a.netty.channel.ChannelManager - Adding key: http://localhost:60207 for channel [id: 0x4d628c60, L:/127.0.0.1:52666 - R:localhost/127.0.0.1:60207]
15:13:10.649 [AsyncHttpClient-1-3] DEBUG o.a.n.channel.NettyConnectListener - Using new Channel '[id: 0x20848e2a, L:/127.0.0.1:52674 - R:localhost/127.0.0.1:52667]' for 'GET' to '/json/version'
15:13:10.652 [AsyncHttpClient-1-3] DEBUG o.a.netty.handler.HttpHandler - 

Request DefaultFullHttpRequest(decodeResult: success, version: HTTP/1.1, content: EmptyByteBufBE)
GET /json/version HTTP/1.1
User-Agent: selenium/4.4.0 (java windows)
host: localhost:52667
accept: */*

Response DefaultHttpResponse(decodeResult: success, version: HTTP/1.1)
HTTP/1.1 200 OK
Content-Security-Policy: frame-ancestors 'none'
Content-Type: application/json; charset=UTF-8
content-length: 423

15:13:10.654 [AsyncHttpClient-1-3] DEBUG o.a.netty.channel.ChannelManager - Adding key: http://localhost:52667 for channel [id: 0x20848e2a, L:/127.0.0.1:52674 - R:localhost/127.0.0.1:52667]
15:13:10.683 [Test worker] DEBUG i.n.util.internal.ThreadLocalRandom - -Dio.netty.initialSeedUniquifier: 0x6eaa538ea00610de
15:13:10.690 [AsyncHttpClient-1-4] DEBUG o.a.n.channel.NettyConnectListener - Using new Channel '[id: 0x6ff26e17, L:/127.0.0.1:52675 - R:localhost/127.0.0.1:52667]' for 'GET' to '/devtools/browser/d829f541-37e4-4f2d-a45c-0dc7f4c42330'
15:13:10.694 [AsyncHttpClient-1-4] DEBUG o.a.netty.handler.WebSocketHandler - 

Request DefaultFullHttpRequest(decodeResult: success, version: HTTP/1.1, content: EmptyByteBufBE)
GET /devtools/browser/d829f541-37e4-4f2d-a45c-0dc7f4c42330 HTTP/1.1
upgrade: websocket
connection: upgrade
sec-websocket-key: cdLBpM/iUuIB0Tp95DZI6g==
sec-websocket-version: 13
origin: http://localhost:52667
host: localhost:52667
accept: */*
user-agent: AHC/2.1

Response DefaultHttpResponse(decodeResult: success, version: HTTP/1.1)
HTTP/1.1 101 WebSocket Protocol Handshake
Upgrade: WebSocket
Connection: Upgrade
Sec-WebSocket-Accept: bIDwlEdOjhdgK2DahYg7of+Ovhc=

15:13:10.809 [Forwarding maximizeCurrentWindow on session 7417bc71dabc5dd2074a69fb2438d937 to remote] DEBUG o.a.netty.request.NettyRequestSender - Using pooled Channel '[id: 0x4d628c60, L:/127.0.0.1:52666 - R:localhost/127.0.0.1:60207]' for 'POST' to 'http://localhost:60207/session/7417bc71dabc5dd2074a69fb2438d937/window/maximize'
15:13:10.810 [Forwarding maximizeCurrentWindow on session 7417bc71dabc5dd2074a69fb2438d937 to remote] DEBUG o.a.netty.request.NettyRequestSender - Using open Channel [id: 0x4d628c60, L:/127.0.0.1:52666 - R:localhost/127.0.0.1:60207] for POST '/session/7417bc71dabc5dd2074a69fb2438d937/window/maximize'
15:13:10.831 [AsyncHttpClient-1-1] DEBUG o.a.netty.channel.DefaultChannelPool - Entry count for : http://localhost:52667 : 1
15:13:10.989 [AsyncHttpClient-1-2] DEBUG o.a.netty.handler.HttpHandler - 

Request DefaultHttpRequest(decodeResult: success, version: HTTP/1.1)
POST /session/7417bc71dabc5dd2074a69fb2438d937/window/maximize HTTP/1.1
User-Agent: selenium/4.4.0 (java windows)
Content-Length: 3
Content-Type: application/json; charset=utf-8
host: localhost:60207
accept: */*

Response DefaultHttpResponse(decodeResult: success, version: HTTP/1.1)
HTTP/1.1 200 OK
Content-Type: application/json; charset=utf-8
cache-control: no-cache
content-length: 51

15:13:10.991 [AsyncHttpClient-1-2] DEBUG o.a.netty.channel.ChannelManager - Adding key: http://localhost:60207 for channel [id: 0x4d628c60, L:/127.0.0.1:52666 - R:localhost/127.0.0.1:60207]
15:13:10.999 [Forwarding get on session 7417bc71dabc5dd2074a69fb2438d937 to remote] DEBUG o.a.netty.request.NettyRequestSender - Using pooled Channel '[id: 0x4d628c60, L:/127.0.0.1:52666 - R:localhost/127.0.0.1:60207]' for 'POST' to 'http://localhost:60207/session/7417bc71dabc5dd2074a69fb2438d937/url'
15:13:11.000 [Forwarding get on session 7417bc71dabc5dd2074a69fb2438d937 to remote] DEBUG o.a.netty.request.NettyRequestSender - Using open Channel [id: 0x4d628c60, L:/127.0.0.1:52666 - R:localhost/127.0.0.1:60207] for POST '/session/7417bc71dabc5dd2074a69fb2438d937/url'
15:13:11.937 [AsyncHttpClient-1-1] DEBUG o.a.netty.channel.DefaultChannelPool - Entry count for : http://localhost:52667 : 1
15:13:13.028 [AsyncHttpClient-1-1] DEBUG o.a.netty.channel.DefaultChannelPool - Entry count for : http://localhost:52667 : 1
15:13:14.127 [AsyncHttpClient-1-1] DEBUG o.a.netty.channel.DefaultChannelPool - Entry count for : http://localhost:52667 : 1
15:13:14.866 [AsyncHttpClient-1-2] DEBUG o.a.netty.handler.HttpHandler - 

Request DefaultHttpRequest(decodeResult: success, version: HTTP/1.1)
POST /session/7417bc71dabc5dd2074a69fb2438d937/url HTTP/1.1
User-Agent: selenium/4.4.0 (java windows)
Content-Length: 63
Content-Type: application/json; charset=utf-8
host: localhost:60207
accept: */*

Response DefaultHttpResponse(decodeResult: success, version: HTTP/1.1)
HTTP/1.1 200 OK
Content-Type: application/json; charset=utf-8
cache-control: no-cache
content-length: 14

15:13:14.868 [AsyncHttpClient-1-2] DEBUG o.a.netty.channel.ChannelManager - Adding key: http://localhost:60207 for channel [id: 0x4d628c60, L:/127.0.0.1:52666 - R:localhost/127.0.0.1:60207]
15:13:14.874 [Test worker] INFO  ui_tests.TestBase - Start test: registrationPositiveTest
15:13:14.877 [Test worker] INFO  ui_tests.TestBase -  --> With data: [UserModel(name=Aleksei1, email=aleksey2@mail.com, password=Zxcv1234!, confirmPassword=Zxcv1234!)]
15:13:14.936 [Forwarding findElement on session 7417bc71dabc5dd2074a69fb2438d937 to remote] DEBUG o.a.netty.request.NettyRequestSender - Using pooled Channel '[id: 0x4d628c60, L:/127.0.0.1:52666 - R:localhost/127.0.0.1:60207]' for 'POST' to 'http://localhost:60207/session/7417bc71dabc5dd2074a69fb2438d937/element'
15:13:14.937 [Forwarding findElement on session 7417bc71dabc5dd2074a69fb2438d937 to remote] DEBUG o.a.netty.request.NettyRequestSender - Using open Channel [id: 0x4d628c60, L:/127.0.0.1:52666 - R:localhost/127.0.0.1:60207] for POST '/session/7417bc71dabc5dd2074a69fb2438d937/element'
15:13:14.956 [AsyncHttpClient-1-2] DEBUG o.a.netty.handler.HttpHandler - 

Request DefaultHttpRequest(decodeResult: success, version: HTTP/1.1)
POST /session/7417bc71dabc5dd2074a69fb2438d937/element HTTP/1.1
User-Agent: selenium/4.4.0 (java windows)
Content-Length: 70
Content-Type: application/json; charset=utf-8
host: localhost:60207
accept: */*

Response DefaultHttpResponse(decodeResult: success, version: HTTP/1.1)
HTTP/1.1 200 OK
Content-Type: application/json; charset=utf-8
cache-control: no-cache
content-length: 88

15:13:14.957 [AsyncHttpClient-1-2] DEBUG o.a.netty.channel.ChannelManager - Adding key: http://localhost:60207 for channel [id: 0x4d628c60, L:/127.0.0.1:52666 - R:localhost/127.0.0.1:60207]
15:13:14.985 [Forwarding isElementDisplayed on session 7417bc71dabc5dd2074a69fb2438d937 to remote] DEBUG o.a.netty.request.NettyRequestSender - Using pooled Channel '[id: 0x4d628c60, L:/127.0.0.1:52666 - R:localhost/127.0.0.1:60207]' for 'POST' to 'http://localhost:60207/session/7417bc71dabc5dd2074a69fb2438d937/execute/sync'
15:13:14.985 [Forwarding isElementDisplayed on session 7417bc71dabc5dd2074a69fb2438d937 to remote] DEBUG o.a.netty.request.NettyRequestSender - Using open Channel [id: 0x4d628c60, L:/127.0.0.1:52666 - R:localhost/127.0.0.1:60207] for POST '/session/7417bc71dabc5dd2074a69fb2438d937/execute/sync'
15:13:15.008 [AsyncHttpClient-1-2] DEBUG o.a.netty.handler.HttpHandler - 

Request DefaultHttpRequest(decodeResult: success, version: HTTP/1.1)
POST /session/7417bc71dabc5dd2074a69fb2438d937/execute/sync HTTP/1.1
User-Agent: selenium/4.4.0 (java windows)
Content-Length: 48780
Content-Type: application/json; charset=utf-8
host: localhost:60207
accept: */*

Response DefaultHttpResponse(decodeResult: success, version: HTTP/1.1)
HTTP/1.1 200 OK
Content-Type: application/json; charset=utf-8
cache-control: no-cache
content-length: 14

15:13:15.009 [AsyncHttpClient-1-2] DEBUG o.a.netty.channel.ChannelManager - Adding key: http://localhost:60207 for channel [id: 0x4d628c60, L:/127.0.0.1:52666 - R:localhost/127.0.0.1:60207]
15:13:15.012 [Forwarding findElement on session 7417bc71dabc5dd2074a69fb2438d937 to remote] DEBUG o.a.netty.request.NettyRequestSender - Using pooled Channel '[id: 0x4d628c60, L:/127.0.0.1:52666 - R:localhost/127.0.0.1:60207]' for 'POST' to 'http://localhost:60207/session/7417bc71dabc5dd2074a69fb2438d937/element'
15:13:15.014 [Forwarding findElement on session 7417bc71dabc5dd2074a69fb2438d937 to remote] DEBUG o.a.netty.request.NettyRequestSender - Using open Channel [id: 0x4d628c60, L:/127.0.0.1:52666 - R:localhost/127.0.0.1:60207] for POST '/session/7417bc71dabc5dd2074a69fb2438d937/element'
15:13:15.026 [AsyncHttpClient-1-2] DEBUG o.a.netty.handler.HttpHandler - 

Request DefaultHttpRequest(decodeResult: success, version: HTTP/1.1)
POST /session/7417bc71dabc5dd2074a69fb2438d937/element HTTP/1.1
User-Agent: selenium/4.4.0 (java windows)
Content-Length: 70
Content-Type: application/json; charset=utf-8
host: localhost:60207
accept: */*

Response DefaultHttpResponse(decodeResult: success, version: HTTP/1.1)
HTTP/1.1 200 OK
Content-Type: application/json; charset=utf-8
cache-control: no-cache
content-length: 88

15:13:15.027 [AsyncHttpClient-1-2] DEBUG o.a.netty.channel.ChannelManager - Adding key: http://localhost:60207 for channel [id: 0x4d628c60, L:/127.0.0.1:52666 - R:localhost/127.0.0.1:60207]
15:13:15.034 [Forwarding isElementEnabled on session 7417bc71dabc5dd2074a69fb2438d937 to remote] DEBUG o.a.netty.request.NettyRequestSender - Using pooled Channel '[id: 0x4d628c60, L:/127.0.0.1:52666 - R:localhost/127.0.0.1:60207]' for 'GET' to 'http://localhost:60207/session/7417bc71dabc5dd2074a69fb2438d937/element/b249747c-7b7c-4633-8f5f-18f827102e5b/enabled'
15:13:15.034 [Forwarding isElementEnabled on session 7417bc71dabc5dd2074a69fb2438d937 to remote] DEBUG o.a.netty.request.NettyRequestSender - Using open Channel [id: 0x4d628c60, L:/127.0.0.1:52666 - R:localhost/127.0.0.1:60207] for GET '/session/7417bc71dabc5dd2074a69fb2438d937/element/b249747c-7b7c-4633-8f5f-18f827102e5b/enabled'
15:13:15.052 [AsyncHttpClient-1-2] DEBUG o.a.netty.handler.HttpHandler - 

Request DefaultFullHttpRequest(decodeResult: success, version: HTTP/1.1, content: EmptyByteBufBE)
GET /session/7417bc71dabc5dd2074a69fb2438d937/element/b249747c-7b7c-4633-8f5f-18f827102e5b/enabled HTTP/1.1
User-Agent: selenium/4.4.0 (java windows)
Cache-Control: no-cache
Content-Type: application/json; charset=utf-8
host: localhost:60207
accept: */*

Response DefaultHttpResponse(decodeResult: success, version: HTTP/1.1)
HTTP/1.1 200 OK
Content-Type: application/json; charset=utf-8
cache-control: no-cache
content-length: 14

15:13:15.053 [AsyncHttpClient-1-2] DEBUG o.a.netty.channel.ChannelManager - Adding key: http://localhost:60207 for channel [id: 0x4d628c60, L:/127.0.0.1:52666 - R:localhost/127.0.0.1:60207]
15:13:15.058 [Forwarding findElement on session 7417bc71dabc5dd2074a69fb2438d937 to remote] DEBUG o.a.netty.request.NettyRequestSender - Using pooled Channel '[id: 0x4d628c60, L:/127.0.0.1:52666 - R:localhost/127.0.0.1:60207]' for 'POST' to 'http://localhost:60207/session/7417bc71dabc5dd2074a69fb2438d937/element'
15:13:15.059 [Forwarding findElement on session 7417bc71dabc5dd2074a69fb2438d937 to remote] DEBUG o.a.netty.request.NettyRequestSender - Using open Channel [id: 0x4d628c60, L:/127.0.0.1:52666 - R:localhost/127.0.0.1:60207] for POST '/session/7417bc71dabc5dd2074a69fb2438d937/element'
15:13:15.069 [AsyncHttpClient-1-2] DEBUG o.a.netty.handler.HttpHandler - 

Request DefaultHttpRequest(decodeResult: success, version: HTTP/1.1)
POST /session/7417bc71dabc5dd2074a69fb2438d937/element HTTP/1.1
User-Agent: selenium/4.4.0 (java windows)
Content-Length: 70
Content-Type: application/json; charset=utf-8
host: localhost:60207
accept: */*

Response DefaultHttpResponse(decodeResult: success, version: HTTP/1.1)
HTTP/1.1 200 OK
Content-Type: application/json; charset=utf-8
cache-control: no-cache
content-length: 88

15:13:15.070 [AsyncHttpClient-1-2] DEBUG o.a.netty.channel.ChannelManager - Adding key: http://localhost:60207 for channel [id: 0x4d628c60, L:/127.0.0.1:52666 - R:localhost/127.0.0.1:60207]
15:13:15.073 [Forwarding clickElement on session 7417bc71dabc5dd2074a69fb2438d937 to remote] DEBUG o.a.netty.request.NettyRequestSender - Using pooled Channel '[id: 0x4d628c60, L:/127.0.0.1:52666 - R:localhost/127.0.0.1:60207]' for 'POST' to 'http://localhost:60207/session/7417bc71dabc5dd2074a69fb2438d937/element/b249747c-7b7c-4633-8f5f-18f827102e5b/click'
15:13:15.073 [Forwarding clickElement on session 7417bc71dabc5dd2074a69fb2438d937 to remote] DEBUG o.a.netty.request.NettyRequestSender - Using open Channel [id: 0x4d628c60, L:/127.0.0.1:52666 - R:localhost/127.0.0.1:60207] for POST '/session/7417bc71dabc5dd2074a69fb2438d937/element/b249747c-7b7c-4633-8f5f-18f827102e5b/click'
15:13:15.178 [AsyncHttpClient-1-2] DEBUG o.a.netty.handler.HttpHandler - 

Request DefaultHttpRequest(decodeResult: success, version: HTTP/1.1)
POST /session/7417bc71dabc5dd2074a69fb2438d937/element/b249747c-7b7c-4633-8f5f-18f827102e5b/click HTTP/1.1
User-Agent: selenium/4.4.0 (java windows)
Content-Length: 50
Content-Type: application/json; charset=utf-8
host: localhost:60207
accept: */*

Response DefaultHttpResponse(decodeResult: success, version: HTTP/1.1)
HTTP/1.1 200 OK
Content-Type: application/json; charset=utf-8
cache-control: no-cache
content-length: 14

15:13:15.178 [AsyncHttpClient-1-2] DEBUG o.a.netty.channel.ChannelManager - Adding key: http://localhost:60207 for channel [id: 0x4d628c60, L:/127.0.0.1:52666 - R:localhost/127.0.0.1:60207]
15:13:15.197 [Forwarding findElement on session 7417bc71dabc5dd2074a69fb2438d937 to remote] DEBUG o.a.netty.request.NettyRequestSender - Using pooled Channel '[id: 0x4d628c60, L:/127.0.0.1:52666 - R:localhost/127.0.0.1:60207]' for 'POST' to 'http://localhost:60207/session/7417bc71dabc5dd2074a69fb2438d937/element'
15:13:15.197 [Forwarding findElement on session 7417bc71dabc5dd2074a69fb2438d937 to remote] DEBUG o.a.netty.request.NettyRequestSender - Using open Channel [id: 0x4d628c60, L:/127.0.0.1:52666 - R:localhost/127.0.0.1:60207] for POST '/session/7417bc71dabc5dd2074a69fb2438d937/element'
15:13:15.225 [AsyncHttpClient-1-2] DEBUG o.a.netty.handler.HttpHandler - 

Request DefaultHttpRequest(decodeResult: success, version: HTTP/1.1)
POST /session/7417bc71dabc5dd2074a69fb2438d937/element HTTP/1.1
User-Agent: selenium/4.4.0 (java windows)
Content-Length: 78
Content-Type: application/json; charset=utf-8
host: localhost:60207
accept: */*

Response DefaultHttpResponse(decodeResult: success, version: HTTP/1.1)
HTTP/1.1 200 OK
Content-Type: application/json; charset=utf-8
cache-control: no-cache
content-length: 88

15:13:15.226 [AsyncHttpClient-1-2] DEBUG o.a.netty.channel.ChannelManager - Adding key: http://localhost:60207 for channel [id: 0x4d628c60, L:/127.0.0.1:52666 - R:localhost/127.0.0.1:60207]
15:13:15.241 [AsyncHttpClient-1-1] DEBUG o.a.netty.channel.DefaultChannelPool - Entry count for : http://localhost:52667 : 1
15:13:15.242 [AsyncHttpClient-1-1] DEBUG o.a.netty.channel.DefaultChannelPool - Entry count for : http://localhost:60207 : 1
15:13:15.245 [Forwarding isElementDisplayed on session 7417bc71dabc5dd2074a69fb2438d937 to remote] DEBUG o.a.netty.request.NettyRequestSender - Using pooled Channel '[id: 0x4d628c60, L:/127.0.0.1:52666 - R:localhost/127.0.0.1:60207]' for 'POST' to 'http://localhost:60207/session/7417bc71dabc5dd2074a69fb2438d937/execute/sync'
15:13:15.246 [Forwarding isElementDisplayed on session 7417bc71dabc5dd2074a69fb2438d937 to remote] DEBUG o.a.netty.request.NettyRequestSender - Using open Channel [id: 0x4d628c60, L:/127.0.0.1:52666 - R:localhost/127.0.0.1:60207] for POST '/session/7417bc71dabc5dd2074a69fb2438d937/execute/sync'
15:13:15.286 [AsyncHttpClient-1-2] DEBUG o.a.netty.handler.HttpHandler - 

Request DefaultHttpRequest(decodeResult: success, version: HTTP/1.1)
POST /session/7417bc71dabc5dd2074a69fb2438d937/execute/sync HTTP/1.1
User-Agent: selenium/4.4.0 (java windows)
Content-Length: 48780
Content-Type: application/json; charset=utf-8
host: localhost:60207
accept: */*

Response DefaultHttpResponse(decodeResult: success, version: HTTP/1.1)
HTTP/1.1 200 OK
Content-Type: application/json; charset=utf-8
cache-control: no-cache
content-length: 14

15:13:15.287 [AsyncHttpClient-1-2] DEBUG o.a.netty.channel.ChannelManager - Adding key: http://localhost:60207 for channel [id: 0x4d628c60, L:/127.0.0.1:52666 - R:localhost/127.0.0.1:60207]
15:13:15.294 [Forwarding findElement on session 7417bc71dabc5dd2074a69fb2438d937 to remote] DEBUG o.a.netty.request.NettyRequestSender - Using pooled Channel '[id: 0x4d628c60, L:/127.0.0.1:52666 - R:localhost/127.0.0.1:60207]' for 'POST' to 'http://localhost:60207/session/7417bc71dabc5dd2074a69fb2438d937/element'
15:13:15.296 [Forwarding findElement on session 7417bc71dabc5dd2074a69fb2438d937 to remote] DEBUG o.a.netty.request.NettyRequestSender - Using open Channel [id: 0x4d628c60, L:/127.0.0.1:52666 - R:localhost/127.0.0.1:60207] for POST '/session/7417bc71dabc5dd2074a69fb2438d937/element'
15:13:15.318 [AsyncHttpClient-1-2] DEBUG o.a.netty.handler.HttpHandler - 

Request DefaultHttpRequest(decodeResult: success, version: HTTP/1.1)
POST /session/7417bc71dabc5dd2074a69fb2438d937/element HTTP/1.1
User-Agent: selenium/4.4.0 (java windows)
Content-Length: 78
Content-Type: application/json; charset=utf-8
host: localhost:60207
accept: */*

Response DefaultHttpResponse(decodeResult: success, version: HTTP/1.1)
HTTP/1.1 200 OK
Content-Type: application/json; charset=utf-8
cache-control: no-cache
content-length: 88

15:13:15.320 [AsyncHttpClient-1-2] DEBUG o.a.netty.channel.ChannelManager - Adding key: http://localhost:60207 for channel [id: 0x4d628c60, L:/127.0.0.1:52666 - R:localhost/127.0.0.1:60207]
15:13:15.326 [Forwarding isElementEnabled on session 7417bc71dabc5dd2074a69fb2438d937 to remote] DEBUG o.a.netty.request.NettyRequestSender - Using pooled Channel '[id: 0x4d628c60, L:/127.0.0.1:52666 - R:localhost/127.0.0.1:60207]' for 'GET' to 'http://localhost:60207/session/7417bc71dabc5dd2074a69fb2438d937/element/aa80c9aa-d4b9-41dc-a7d2-647fc0f0224c/enabled'
15:13:15.326 [Forwarding isElementEnabled on session 7417bc71dabc5dd2074a69fb2438d937 to remote] DEBUG o.a.netty.request.NettyRequestSender - Using open Channel [id: 0x4d628c60, L:/127.0.0.1:52666 - R:localhost/127.0.0.1:60207] for GET '/session/7417bc71dabc5dd2074a69fb2438d937/element/aa80c9aa-d4b9-41dc-a7d2-647fc0f0224c/enabled'
15:13:15.346 [AsyncHttpClient-1-2] DEBUG o.a.netty.handler.HttpHandler - 

Request DefaultFullHttpRequest(decodeResult: success, version: HTTP/1.1, content: EmptyByteBufBE)
GET /session/7417bc71dabc5dd2074a69fb2438d937/element/aa80c9aa-d4b9-41dc-a7d2-647fc0f0224c/enabled HTTP/1.1
User-Agent: selenium/4.4.0 (java windows)
Cache-Control: no-cache
Content-Type: application/json; charset=utf-8
host: localhost:60207
accept: */*

Response DefaultHttpResponse(decodeResult: success, version: HTTP/1.1)
HTTP/1.1 200 OK
Content-Type: application/json; charset=utf-8
cache-control: no-cache
content-length: 14

15:13:15.348 [AsyncHttpClient-1-2] DEBUG o.a.netty.channel.ChannelManager - Adding key: http://localhost:60207 for channel [id: 0x4d628c60, L:/127.0.0.1:52666 - R:localhost/127.0.0.1:60207]
15:13:15.357 [Forwarding findElement on session 7417bc71dabc5dd2074a69fb2438d937 to remote] DEBUG o.a.netty.request.NettyRequestSender - Using pooled Channel '[id: 0x4d628c60, L:/127.0.0.1:52666 - R:localhost/127.0.0.1:60207]' for 'POST' to 'http://localhost:60207/session/7417bc71dabc5dd2074a69fb2438d937/element'
15:13:15.360 [Forwarding findElement on session 7417bc71dabc5dd2074a69fb2438d937 to remote] DEBUG o.a.netty.request.NettyRequestSender - Using open Channel [id: 0x4d628c60, L:/127.0.0.1:52666 - R:localhost/127.0.0.1:60207] for POST '/session/7417bc71dabc5dd2074a69fb2438d937/element'
15:13:15.391 [AsyncHttpClient-1-2] DEBUG o.a.netty.handler.HttpHandler - 

Request DefaultHttpRequest(decodeResult: success, version: HTTP/1.1)
POST /session/7417bc71dabc5dd2074a69fb2438d937/element HTTP/1.1
User-Agent: selenium/4.4.0 (java windows)
Content-Length: 78
Content-Type: application/json; charset=utf-8
host: localhost:60207
accept: */*

Response DefaultHttpResponse(decodeResult: success, version: HTTP/1.1)
HTTP/1.1 200 OK
Content-Type: application/json; charset=utf-8
cache-control: no-cache
content-length: 88

15:13:15.392 [AsyncHttpClient-1-2] DEBUG o.a.netty.channel.ChannelManager - Adding key: http://localhost:60207 for channel [id: 0x4d628c60, L:/127.0.0.1:52666 - R:localhost/127.0.0.1:60207]
15:13:15.395 [Forwarding clickElement on session 7417bc71dabc5dd2074a69fb2438d937 to remote] DEBUG o.a.netty.request.NettyRequestSender - Using pooled Channel '[id: 0x4d628c60, L:/127.0.0.1:52666 - R:localhost/127.0.0.1:60207]' for 'POST' to 'http://localhost:60207/session/7417bc71dabc5dd2074a69fb2438d937/element/aa80c9aa-d4b9-41dc-a7d2-647fc0f0224c/click'
15:13:15.396 [Forwarding clickElement on session 7417bc71dabc5dd2074a69fb2438d937 to remote] DEBUG o.a.netty.request.NettyRequestSender - Using open Channel [id: 0x4d628c60, L:/127.0.0.1:52666 - R:localhost/127.0.0.1:60207] for POST '/session/7417bc71dabc5dd2074a69fb2438d937/element/aa80c9aa-d4b9-41dc-a7d2-647fc0f0224c/click'
15:13:15.480 [AsyncHttpClient-1-2] DEBUG o.a.netty.handler.HttpHandler - 

Request DefaultHttpRequest(decodeResult: success, version: HTTP/1.1)
POST /session/7417bc71dabc5dd2074a69fb2438d937/element/aa80c9aa-d4b9-41dc-a7d2-647fc0f0224c/click HTTP/1.1
User-Agent: selenium/4.4.0 (java windows)
Content-Length: 50
Content-Type: application/json; charset=utf-8
host: localhost:60207
accept: */*

Response DefaultHttpResponse(decodeResult: success, version: HTTP/1.1)
HTTP/1.1 200 OK
Content-Type: application/json; charset=utf-8
cache-control: no-cache
content-length: 14

15:13:15.481 [AsyncHttpClient-1-2] DEBUG o.a.netty.channel.ChannelManager - Adding key: http://localhost:60207 for channel [id: 0x4d628c60, L:/127.0.0.1:52666 - R:localhost/127.0.0.1:60207]
15:13:15.486 [Forwarding findElement on session 7417bc71dabc5dd2074a69fb2438d937 to remote] DEBUG o.a.netty.request.NettyRequestSender - Using pooled Channel '[id: 0x4d628c60, L:/127.0.0.1:52666 - R:localhost/127.0.0.1:60207]' for 'POST' to 'http://localhost:60207/session/7417bc71dabc5dd2074a69fb2438d937/element'
15:13:15.486 [Forwarding findElement on session 7417bc71dabc5dd2074a69fb2438d937 to remote] DEBUG o.a.netty.request.NettyRequestSender - Using open Channel [id: 0x4d628c60, L:/127.0.0.1:52666 - R:localhost/127.0.0.1:60207] for POST '/session/7417bc71dabc5dd2074a69fb2438d937/element'
15:13:15.503 [AsyncHttpClient-1-2] DEBUG o.a.netty.handler.HttpHandler - 

Request DefaultHttpRequest(decodeResult: success, version: HTTP/1.1)
POST /session/7417bc71dabc5dd2074a69fb2438d937/element HTTP/1.1
User-Agent: selenium/4.4.0 (java windows)
Content-Length: 76
Content-Type: application/json; charset=utf-8
host: localhost:60207
accept: */*

Response DefaultHttpResponse(decodeResult: success, version: HTTP/1.1)
HTTP/1.1 200 OK
Content-Type: application/json; charset=utf-8
cache-control: no-cache
content-length: 88

15:13:15.504 [AsyncHttpClient-1-2] DEBUG o.a.netty.channel.ChannelManager - Adding key: http://localhost:60207 for channel [id: 0x4d628c60, L:/127.0.0.1:52666 - R:localhost/127.0.0.1:60207]
15:13:15.511 [Forwarding isElementDisplayed on session 7417bc71dabc5dd2074a69fb2438d937 to remote] DEBUG o.a.netty.request.NettyRequestSender - Using pooled Channel '[id: 0x4d628c60, L:/127.0.0.1:52666 - R:localhost/127.0.0.1:60207]' for 'POST' to 'http://localhost:60207/session/7417bc71dabc5dd2074a69fb2438d937/execute/sync'
15:13:15.511 [Forwarding isElementDisplayed on session 7417bc71dabc5dd2074a69fb2438d937 to remote] DEBUG o.a.netty.request.NettyRequestSender - Using open Channel [id: 0x4d628c60, L:/127.0.0.1:52666 - R:localhost/127.0.0.1:60207] for POST '/session/7417bc71dabc5dd2074a69fb2438d937/execute/sync'
15:13:15.527 [AsyncHttpClient-1-2] DEBUG o.a.netty.handler.HttpHandler - 

Request DefaultHttpRequest(decodeResult: success, version: HTTP/1.1)
POST /session/7417bc71dabc5dd2074a69fb2438d937/execute/sync HTTP/1.1
User-Agent: selenium/4.4.0 (java windows)
Content-Length: 48780
Content-Type: application/json; charset=utf-8
host: localhost:60207
accept: */*

Response DefaultHttpResponse(decodeResult: success, version: HTTP/1.1)
HTTP/1.1 200 OK
Content-Type: application/json; charset=utf-8
cache-control: no-cache
content-length: 14

15:13:15.527 [AsyncHttpClient-1-2] DEBUG o.a.netty.channel.ChannelManager - Adding key: http://localhost:60207 for channel [id: 0x4d628c60, L:/127.0.0.1:52666 - R:localhost/127.0.0.1:60207]
15:13:15.531 [Forwarding findElement on session 7417bc71dabc5dd2074a69fb2438d937 to remote] DEBUG o.a.netty.request.NettyRequestSender - Using pooled Channel '[id: 0x4d628c60, L:/127.0.0.1:52666 - R:localhost/127.0.0.1:60207]' for 'POST' to 'http://localhost:60207/session/7417bc71dabc5dd2074a69fb2438d937/element'
15:13:15.531 [Forwarding findElement on session 7417bc71dabc5dd2074a69fb2438d937 to remote] DEBUG o.a.netty.request.NettyRequestSender - Using open Channel [id: 0x4d628c60, L:/127.0.0.1:52666 - R:localhost/127.0.0.1:60207] for POST '/session/7417bc71dabc5dd2074a69fb2438d937/element'
15:13:15.541 [AsyncHttpClient-1-2] DEBUG o.a.netty.handler.HttpHandler - 

Request DefaultHttpRequest(decodeResult: success, version: HTTP/1.1)
POST /session/7417bc71dabc5dd2074a69fb2438d937/element HTTP/1.1
User-Agent: selenium/4.4.0 (java windows)
Content-Length: 76
Content-Type: application/json; charset=utf-8
host: localhost:60207
accept: */*

Response DefaultHttpResponse(decodeResult: success, version: HTTP/1.1)
HTTP/1.1 200 OK
Content-Type: application/json; charset=utf-8
cache-control: no-cache
content-length: 88

15:13:15.542 [AsyncHttpClient-1-2] DEBUG o.a.netty.channel.ChannelManager - Adding key: http://localhost:60207 for channel [id: 0x4d628c60, L:/127.0.0.1:52666 - R:localhost/127.0.0.1:60207]
15:13:15.545 [Forwarding isElementEnabled on session 7417bc71dabc5dd2074a69fb2438d937 to remote] DEBUG o.a.netty.request.NettyRequestSender - Using pooled Channel '[id: 0x4d628c60, L:/127.0.0.1:52666 - R:localhost/127.0.0.1:60207]' for 'GET' to 'http://localhost:60207/session/7417bc71dabc5dd2074a69fb2438d937/element/68d3fb91-2e52-4b2c-bf39-1dcf9015b3ed/enabled'
15:13:15.545 [Forwarding isElementEnabled on session 7417bc71dabc5dd2074a69fb2438d937 to remote] DEBUG o.a.netty.request.NettyRequestSender - Using open Channel [id: 0x4d628c60, L:/127.0.0.1:52666 - R:localhost/127.0.0.1:60207] for GET '/session/7417bc71dabc5dd2074a69fb2438d937/element/68d3fb91-2e52-4b2c-bf39-1dcf9015b3ed/enabled'
15:13:15.556 [AsyncHttpClient-1-2] DEBUG o.a.netty.handler.HttpHandler - 

Request DefaultFullHttpRequest(decodeResult: success, version: HTTP/1.1, content: EmptyByteBufBE)
GET /session/7417bc71dabc5dd2074a69fb2438d937/element/68d3fb91-2e52-4b2c-bf39-1dcf9015b3ed/enabled HTTP/1.1
User-Agent: selenium/4.4.0 (java windows)
Cache-Control: no-cache
Content-Type: application/json; charset=utf-8
host: localhost:60207
accept: */*

Response DefaultHttpResponse(decodeResult: success, version: HTTP/1.1)
HTTP/1.1 200 OK
Content-Type: application/json; charset=utf-8
cache-control: no-cache
content-length: 14

15:13:15.556 [AsyncHttpClient-1-2] DEBUG o.a.netty.channel.ChannelManager - Adding key: http://localhost:60207 for channel [id: 0x4d628c60, L:/127.0.0.1:52666 - R:localhost/127.0.0.1:60207]
15:13:15.559 [Forwarding findElement on session 7417bc71dabc5dd2074a69fb2438d937 to remote] DEBUG o.a.netty.request.NettyRequestSender - Using pooled Channel '[id: 0x4d628c60, L:/127.0.0.1:52666 - R:localhost/127.0.0.1:60207]' for 'POST' to 'http://localhost:60207/session/7417bc71dabc5dd2074a69fb2438d937/element'
15:13:15.559 [Forwarding findElement on session 7417bc71dabc5dd2074a69fb2438d937 to remote] DEBUG o.a.netty.request.NettyRequestSender - Using open Channel [id: 0x4d628c60, L:/127.0.0.1:52666 - R:localhost/127.0.0.1:60207] for POST '/session/7417bc71dabc5dd2074a69fb2438d937/element'
15:13:15.568 [AsyncHttpClient-1-2] DEBUG o.a.netty.handler.HttpHandler - 

Request DefaultHttpRequest(decodeResult: success, version: HTTP/1.1)
POST /session/7417bc71dabc5dd2074a69fb2438d937/element HTTP/1.1
User-Agent: selenium/4.4.0 (java windows)
Content-Length: 76
Content-Type: application/json; charset=utf-8
host: localhost:60207
accept: */*

Response DefaultHttpResponse(decodeResult: success, version: HTTP/1.1)
HTTP/1.1 200 OK
Content-Type: application/json; charset=utf-8
cache-control: no-cache
content-length: 88

15:13:15.569 [AsyncHttpClient-1-2] DEBUG o.a.netty.channel.ChannelManager - Adding key: http://localhost:60207 for channel [id: 0x4d628c60, L:/127.0.0.1:52666 - R:localhost/127.0.0.1:60207]
15:13:15.572 [Forwarding clickElement on session 7417bc71dabc5dd2074a69fb2438d937 to remote] DEBUG o.a.netty.request.NettyRequestSender - Using pooled Channel '[id: 0x4d628c60, L:/127.0.0.1:52666 - R:localhost/127.0.0.1:60207]' for 'POST' to 'http://localhost:60207/session/7417bc71dabc5dd2074a69fb2438d937/element/68d3fb91-2e52-4b2c-bf39-1dcf9015b3ed/click'
15:13:15.572 [Forwarding clickElement on session 7417bc71dabc5dd2074a69fb2438d937 to remote] DEBUG o.a.netty.request.NettyRequestSender - Using open Channel [id: 0x4d628c60, L:/127.0.0.1:52666 - R:localhost/127.0.0.1:60207] for POST '/session/7417bc71dabc5dd2074a69fb2438d937/element/68d3fb91-2e52-4b2c-bf39-1dcf9015b3ed/click'
15:13:15.628 [AsyncHttpClient-1-2] DEBUG o.a.netty.handler.HttpHandler - 

Request DefaultHttpRequest(decodeResult: success, version: HTTP/1.1)
POST /session/7417bc71dabc5dd2074a69fb2438d937/element/68d3fb91-2e52-4b2c-bf39-1dcf9015b3ed/click HTTP/1.1
User-Agent: selenium/4.4.0 (java windows)
Content-Length: 50
Content-Type: application/json; charset=utf-8
host: localhost:60207
accept: */*

Response DefaultHttpResponse(decodeResult: success, version: HTTP/1.1)
HTTP/1.1 200 OK
Content-Type: application/json; charset=utf-8
cache-control: no-cache
content-length: 14

15:13:15.632 [AsyncHttpClient-1-2] DEBUG o.a.netty.channel.ChannelManager - Adding key: http://localhost:60207 for channel [id: 0x4d628c60, L:/127.0.0.1:52666 - R:localhost/127.0.0.1:60207]
15:13:15.642 [Forwarding findElement on session 7417bc71dabc5dd2074a69fb2438d937 to remote] DEBUG o.a.netty.request.NettyRequestSender - Using pooled Channel '[id: 0x4d628c60, L:/127.0.0.1:52666 - R:localhost/127.0.0.1:60207]' for 'POST' to 'http://localhost:60207/session/7417bc71dabc5dd2074a69fb2438d937/element'
15:13:15.643 [Forwarding findElement on session 7417bc71dabc5dd2074a69fb2438d937 to remote] DEBUG o.a.netty.request.NettyRequestSender - Using open Channel [id: 0x4d628c60, L:/127.0.0.1:52666 - R:localhost/127.0.0.1:60207] for POST '/session/7417bc71dabc5dd2074a69fb2438d937/element'
15:13:15.663 [AsyncHttpClient-1-2] DEBUG o.a.netty.handler.HttpHandler - 

Request DefaultHttpRequest(decodeResult: success, version: HTTP/1.1)
POST /session/7417bc71dabc5dd2074a69fb2438d937/element HTTP/1.1
User-Agent: selenium/4.4.0 (java windows)
Content-Length: 76
Content-Type: application/json; charset=utf-8
host: localhost:60207
accept: */*

Response DefaultHttpResponse(decodeResult: success, version: HTTP/1.1)
HTTP/1.1 200 OK
Content-Type: application/json; charset=utf-8
cache-control: no-cache
content-length: 88

15:13:15.664 [AsyncHttpClient-1-2] DEBUG o.a.netty.channel.ChannelManager - Adding key: http://localhost:60207 for channel [id: 0x4d628c60, L:/127.0.0.1:52666 - R:localhost/127.0.0.1:60207]
15:13:15.670 [Forwarding clearElement on session 7417bc71dabc5dd2074a69fb2438d937 to remote] DEBUG o.a.netty.request.NettyRequestSender - Using pooled Channel '[id: 0x4d628c60, L:/127.0.0.1:52666 - R:localhost/127.0.0.1:60207]' for 'POST' to 'http://localhost:60207/session/7417bc71dabc5dd2074a69fb2438d937/element/68d3fb91-2e52-4b2c-bf39-1dcf9015b3ed/clear'
15:13:15.671 [Forwarding clearElement on session 7417bc71dabc5dd2074a69fb2438d937 to remote] DEBUG o.a.netty.request.NettyRequestSender - Using open Channel [id: 0x4d628c60, L:/127.0.0.1:52666 - R:localhost/127.0.0.1:60207] for POST '/session/7417bc71dabc5dd2074a69fb2438d937/element/68d3fb91-2e52-4b2c-bf39-1dcf9015b3ed/clear'
15:13:15.729 [AsyncHttpClient-1-2] DEBUG o.a.netty.handler.HttpHandler - 

Request DefaultHttpRequest(decodeResult: success, version: HTTP/1.1)
POST /session/7417bc71dabc5dd2074a69fb2438d937/element/68d3fb91-2e52-4b2c-bf39-1dcf9015b3ed/clear HTTP/1.1
User-Agent: selenium/4.4.0 (java windows)
Content-Length: 50
Content-Type: application/json; charset=utf-8
host: localhost:60207
accept: */*

Response DefaultHttpResponse(decodeResult: success, version: HTTP/1.1)
HTTP/1.1 200 OK
Content-Type: application/json; charset=utf-8
cache-control: no-cache
content-length: 14

15:13:15.730 [AsyncHttpClient-1-2] DEBUG o.a.netty.channel.ChannelManager - Adding key: http://localhost:60207 for channel [id: 0x4d628c60, L:/127.0.0.1:52666 - R:localhost/127.0.0.1:60207]
15:13:15.733 [Forwarding findElement on session 7417bc71dabc5dd2074a69fb2438d937 to remote] DEBUG o.a.netty.request.NettyRequestSender - Using pooled Channel '[id: 0x4d628c60, L:/127.0.0.1:52666 - R:localhost/127.0.0.1:60207]' for 'POST' to 'http://localhost:60207/session/7417bc71dabc5dd2074a69fb2438d937/element'
15:13:15.734 [Forwarding findElement on session 7417bc71dabc5dd2074a69fb2438d937 to remote] DEBUG o.a.netty.request.NettyRequestSender - Using open Channel [id: 0x4d628c60, L:/127.0.0.1:52666 - R:localhost/127.0.0.1:60207] for POST '/session/7417bc71dabc5dd2074a69fb2438d937/element'
15:13:15.744 [AsyncHttpClient-1-2] DEBUG o.a.netty.handler.HttpHandler - 

Request DefaultHttpRequest(decodeResult: success, version: HTTP/1.1)
POST /session/7417bc71dabc5dd2074a69fb2438d937/element HTTP/1.1
User-Agent: selenium/4.4.0 (java windows)
Content-Length: 76
Content-Type: application/json; charset=utf-8
host: localhost:60207
accept: */*

Response DefaultHttpResponse(decodeResult: success, version: HTTP/1.1)
HTTP/1.1 200 OK
Content-Type: application/json; charset=utf-8
cache-control: no-cache
content-length: 88

15:13:15.744 [AsyncHttpClient-1-2] DEBUG o.a.netty.channel.ChannelManager - Adding key: http://localhost:60207 for channel [id: 0x4d628c60, L:/127.0.0.1:52666 - R:localhost/127.0.0.1:60207]
15:13:15.751 [Forwarding sendKeysToElement on session 7417bc71dabc5dd2074a69fb2438d937 to remote] DEBUG o.a.netty.request.NettyRequestSender - Using pooled Channel '[id: 0x4d628c60, L:/127.0.0.1:52666 - R:localhost/127.0.0.1:60207]' for 'POST' to 'http://localhost:60207/session/7417bc71dabc5dd2074a69fb2438d937/element/68d3fb91-2e52-4b2c-bf39-1dcf9015b3ed/value'
15:13:15.751 [Forwarding sendKeysToElement on session 7417bc71dabc5dd2074a69fb2438d937 to remote] DEBUG o.a.netty.request.NettyRequestSender - Using open Channel [id: 0x4d628c60, L:/127.0.0.1:52666 - R:localhost/127.0.0.1:60207] for POST '/session/7417bc71dabc5dd2074a69fb2438d937/element/68d3fb91-2e52-4b2c-bf39-1dcf9015b3ed/value'
15:13:15.848 [AsyncHttpClient-1-2] DEBUG o.a.netty.handler.HttpHandler - 

Request DefaultHttpRequest(decodeResult: success, version: HTTP/1.1)
POST /session/7417bc71dabc5dd2074a69fb2438d937/element/68d3fb91-2e52-4b2c-bf39-1dcf9015b3ed/value HTTP/1.1
User-Agent: selenium/4.4.0 (java windows)
Content-Length: 161
Content-Type: application/json; charset=utf-8
host: localhost:60207
accept: */*

Response DefaultHttpResponse(decodeResult: success, version: HTTP/1.1)
HTTP/1.1 200 OK
Content-Type: application/json; charset=utf-8
cache-control: no-cache
content-length: 14

15:13:15.850 [AsyncHttpClient-1-2] DEBUG o.a.netty.channel.ChannelManager - Adding key: http://localhost:60207 for channel [id: 0x4d628c60, L:/127.0.0.1:52666 - R:localhost/127.0.0.1:60207]
15:13:15.854 [Forwarding findElement on session 7417bc71dabc5dd2074a69fb2438d937 to remote] DEBUG o.a.netty.request.NettyRequestSender - Using pooled Channel '[id: 0x4d628c60, L:/127.0.0.1:52666 - R:localhost/127.0.0.1:60207]' for 'POST' to 'http://localhost:60207/session/7417bc71dabc5dd2074a69fb2438d937/element'
15:13:15.855 [Forwarding findElement on session 7417bc71dabc5dd2074a69fb2438d937 to remote] DEBUG o.a.netty.request.NettyRequestSender - Using open Channel [id: 0x4d628c60, L:/127.0.0.1:52666 - R:localhost/127.0.0.1:60207] for POST '/session/7417bc71dabc5dd2074a69fb2438d937/element'
15:13:15.879 [AsyncHttpClient-1-2] DEBUG o.a.netty.handler.HttpHandler - 

Request DefaultHttpRequest(decodeResult: success, version: HTTP/1.1)
POST /session/7417bc71dabc5dd2074a69fb2438d937/element HTTP/1.1
User-Agent: selenium/4.4.0 (java windows)
Content-Length: 86
Content-Type: application/json; charset=utf-8
host: localhost:60207
accept: */*

Response DefaultHttpResponse(decodeResult: success, version: HTTP/1.1)
HTTP/1.1 200 OK
Content-Type: application/json; charset=utf-8
cache-control: no-cache
content-length: 88

15:13:15.880 [AsyncHttpClient-1-2] DEBUG o.a.netty.channel.ChannelManager - Adding key: http://localhost:60207 for channel [id: 0x4d628c60, L:/127.0.0.1:52666 - R:localhost/127.0.0.1:60207]
15:13:15.889 [Forwarding isElementDisplayed on session 7417bc71dabc5dd2074a69fb2438d937 to remote] DEBUG o.a.netty.request.NettyRequestSender - Using pooled Channel '[id: 0x4d628c60, L:/127.0.0.1:52666 - R:localhost/127.0.0.1:60207]' for 'POST' to 'http://localhost:60207/session/7417bc71dabc5dd2074a69fb2438d937/execute/sync'
15:13:15.889 [Forwarding isElementDisplayed on session 7417bc71dabc5dd2074a69fb2438d937 to remote] DEBUG o.a.netty.request.NettyRequestSender - Using open Channel [id: 0x4d628c60, L:/127.0.0.1:52666 - R:localhost/127.0.0.1:60207] for POST '/session/7417bc71dabc5dd2074a69fb2438d937/execute/sync'
15:13:15.904 [AsyncHttpClient-1-2] DEBUG o.a.netty.handler.HttpHandler - 

Request DefaultHttpRequest(decodeResult: success, version: HTTP/1.1)
POST /session/7417bc71dabc5dd2074a69fb2438d937/execute/sync HTTP/1.1
User-Agent: selenium/4.4.0 (java windows)
Content-Length: 48780
Content-Type: application/json; charset=utf-8
host: localhost:60207
accept: */*

Response DefaultHttpResponse(decodeResult: success, version: HTTP/1.1)
HTTP/1.1 200 OK
Content-Type: application/json; charset=utf-8
cache-control: no-cache
content-length: 14

15:13:15.905 [AsyncHttpClient-1-2] DEBUG o.a.netty.channel.ChannelManager - Adding key: http://localhost:60207 for channel [id: 0x4d628c60, L:/127.0.0.1:52666 - R:localhost/127.0.0.1:60207]
15:13:15.908 [Forwarding findElement on session 7417bc71dabc5dd2074a69fb2438d937 to remote] DEBUG o.a.netty.request.NettyRequestSender - Using pooled Channel '[id: 0x4d628c60, L:/127.0.0.1:52666 - R:localhost/127.0.0.1:60207]' for 'POST' to 'http://localhost:60207/session/7417bc71dabc5dd2074a69fb2438d937/element'
15:13:15.908 [Forwarding findElement on session 7417bc71dabc5dd2074a69fb2438d937 to remote] DEBUG o.a.netty.request.NettyRequestSender - Using open Channel [id: 0x4d628c60, L:/127.0.0.1:52666 - R:localhost/127.0.0.1:60207] for POST '/session/7417bc71dabc5dd2074a69fb2438d937/element'
15:13:15.920 [AsyncHttpClient-1-2] DEBUG o.a.netty.handler.HttpHandler - 

Request DefaultHttpRequest(decodeResult: success, version: HTTP/1.1)
POST /session/7417bc71dabc5dd2074a69fb2438d937/element HTTP/1.1
User-Agent: selenium/4.4.0 (java windows)
Content-Length: 86
Content-Type: application/json; charset=utf-8
host: localhost:60207
accept: */*

Response DefaultHttpResponse(decodeResult: success, version: HTTP/1.1)
HTTP/1.1 200 OK
Content-Type: application/json; charset=utf-8
cache-control: no-cache
content-length: 88

15:13:15.921 [AsyncHttpClient-1-2] DEBUG o.a.netty.channel.ChannelManager - Adding key: http://localhost:60207 for channel [id: 0x4d628c60, L:/127.0.0.1:52666 - R:localhost/127.0.0.1:60207]
15:13:15.923 [Forwarding isElementEnabled on session 7417bc71dabc5dd2074a69fb2438d937 to remote] DEBUG o.a.netty.request.NettyRequestSender - Using pooled Channel '[id: 0x4d628c60, L:/127.0.0.1:52666 - R:localhost/127.0.0.1:60207]' for 'GET' to 'http://localhost:60207/session/7417bc71dabc5dd2074a69fb2438d937/element/ecc2e9ee-a702-474f-823b-4df839a03323/enabled'
15:13:15.924 [Forwarding isElementEnabled on session 7417bc71dabc5dd2074a69fb2438d937 to remote] DEBUG o.a.netty.request.NettyRequestSender - Using open Channel [id: 0x4d628c60, L:/127.0.0.1:52666 - R:localhost/127.0.0.1:60207] for GET '/session/7417bc71dabc5dd2074a69fb2438d937/element/ecc2e9ee-a702-474f-823b-4df839a03323/enabled'
15:13:15.938 [AsyncHttpClient-1-2] DEBUG o.a.netty.handler.HttpHandler - 

Request DefaultFullHttpRequest(decodeResult: success, version: HTTP/1.1, content: EmptyByteBufBE)
GET /session/7417bc71dabc5dd2074a69fb2438d937/element/ecc2e9ee-a702-474f-823b-4df839a03323/enabled HTTP/1.1
User-Agent: selenium/4.4.0 (java windows)
Cache-Control: no-cache
Content-Type: application/json; charset=utf-8
host: localhost:60207
accept: */*

Response DefaultHttpResponse(decodeResult: success, version: HTTP/1.1)
HTTP/1.1 200 OK
Content-Type: application/json; charset=utf-8
cache-control: no-cache
content-length: 14

15:13:15.938 [AsyncHttpClient-1-2] DEBUG o.a.netty.channel.ChannelManager - Adding key: http://localhost:60207 for channel [id: 0x4d628c60, L:/127.0.0.1:52666 - R:localhost/127.0.0.1:60207]
15:13:15.941 [Forwarding findElement on session 7417bc71dabc5dd2074a69fb2438d937 to remote] DEBUG o.a.netty.request.NettyRequestSender - Using pooled Channel '[id: 0x4d628c60, L:/127.0.0.1:52666 - R:localhost/127.0.0.1:60207]' for 'POST' to 'http://localhost:60207/session/7417bc71dabc5dd2074a69fb2438d937/element'
15:13:15.941 [Forwarding findElement on session 7417bc71dabc5dd2074a69fb2438d937 to remote] DEBUG o.a.netty.request.NettyRequestSender - Using open Channel [id: 0x4d628c60, L:/127.0.0.1:52666 - R:localhost/127.0.0.1:60207] for POST '/session/7417bc71dabc5dd2074a69fb2438d937/element'
15:13:15.952 [AsyncHttpClient-1-2] DEBUG o.a.netty.handler.HttpHandler - 

Request DefaultHttpRequest(decodeResult: success, version: HTTP/1.1)
POST /session/7417bc71dabc5dd2074a69fb2438d937/element HTTP/1.1
User-Agent: selenium/4.4.0 (java windows)
Content-Length: 86
Content-Type: application/json; charset=utf-8
host: localhost:60207
accept: */*

Response DefaultHttpResponse(decodeResult: success, version: HTTP/1.1)
HTTP/1.1 200 OK
Content-Type: application/json; charset=utf-8
cache-control: no-cache
content-length: 88

15:13:15.953 [AsyncHttpClient-1-2] DEBUG o.a.netty.channel.ChannelManager - Adding key: http://localhost:60207 for channel [id: 0x4d628c60, L:/127.0.0.1:52666 - R:localhost/127.0.0.1:60207]
15:13:15.956 [Forwarding clickElement on session 7417bc71dabc5dd2074a69fb2438d937 to remote] DEBUG o.a.netty.request.NettyRequestSender - Using pooled Channel '[id: 0x4d628c60, L:/127.0.0.1:52666 - R:localhost/127.0.0.1:60207]' for 'POST' to 'http://localhost:60207/session/7417bc71dabc5dd2074a69fb2438d937/element/ecc2e9ee-a702-474f-823b-4df839a03323/click'
15:13:15.956 [Forwarding clickElement on session 7417bc71dabc5dd2074a69fb2438d937 to remote] DEBUG o.a.netty.request.NettyRequestSender - Using open Channel [id: 0x4d628c60, L:/127.0.0.1:52666 - R:localhost/127.0.0.1:60207] for POST '/session/7417bc71dabc5dd2074a69fb2438d937/element/ecc2e9ee-a702-474f-823b-4df839a03323/click'
15:13:16.021 [AsyncHttpClient-1-2] DEBUG o.a.netty.handler.HttpHandler - 

Request DefaultHttpRequest(decodeResult: success, version: HTTP/1.1)
POST /session/7417bc71dabc5dd2074a69fb2438d937/element/ecc2e9ee-a702-474f-823b-4df839a03323/click HTTP/1.1
User-Agent: selenium/4.4.0 (java windows)
Content-Length: 50
Content-Type: application/json; charset=utf-8
host: localhost:60207
accept: */*

Response DefaultHttpResponse(decodeResult: success, version: HTTP/1.1)
HTTP/1.1 200 OK
Content-Type: application/json; charset=utf-8
cache-control: no-cache
content-length: 14

15:13:16.022 [AsyncHttpClient-1-2] DEBUG o.a.netty.channel.ChannelManager - Adding key: http://localhost:60207 for channel [id: 0x4d628c60, L:/127.0.0.1:52666 - R:localhost/127.0.0.1:60207]
15:13:16.027 [Forwarding findElement on session 7417bc71dabc5dd2074a69fb2438d937 to remote] DEBUG o.a.netty.request.NettyRequestSender - Using pooled Channel '[id: 0x4d628c60, L:/127.0.0.1:52666 - R:localhost/127.0.0.1:60207]' for 'POST' to 'http://localhost:60207/session/7417bc71dabc5dd2074a69fb2438d937/element'
15:13:16.027 [Forwarding findElement on session 7417bc71dabc5dd2074a69fb2438d937 to remote] DEBUG o.a.netty.request.NettyRequestSender - Using open Channel [id: 0x4d628c60, L:/127.0.0.1:52666 - R:localhost/127.0.0.1:60207] for POST '/session/7417bc71dabc5dd2074a69fb2438d937/element'
15:13:16.046 [AsyncHttpClient-1-2] DEBUG o.a.netty.handler.HttpHandler - 

Request DefaultHttpRequest(decodeResult: success, version: HTTP/1.1)
POST /session/7417bc71dabc5dd2074a69fb2438d937/element HTTP/1.1
User-Agent: selenium/4.4.0 (java windows)
Content-Length: 86
Content-Type: application/json; charset=utf-8
host: localhost:60207
accept: */*

Response DefaultHttpResponse(decodeResult: success, version: HTTP/1.1)
HTTP/1.1 200 OK
Content-Type: application/json; charset=utf-8
cache-control: no-cache
content-length: 88

15:13:16.046 [AsyncHttpClient-1-2] DEBUG o.a.netty.channel.ChannelManager - Adding key: http://localhost:60207 for channel [id: 0x4d628c60, L:/127.0.0.1:52666 - R:localhost/127.0.0.1:60207]
15:13:16.052 [Forwarding clearElement on session 7417bc71dabc5dd2074a69fb2438d937 to remote] DEBUG o.a.netty.request.NettyRequestSender - Using pooled Channel '[id: 0x4d628c60, L:/127.0.0.1:52666 - R:localhost/127.0.0.1:60207]' for 'POST' to 'http://localhost:60207/session/7417bc71dabc5dd2074a69fb2438d937/element/ecc2e9ee-a702-474f-823b-4df839a03323/clear'
15:13:16.053 [Forwarding clearElement on session 7417bc71dabc5dd2074a69fb2438d937 to remote] DEBUG o.a.netty.request.NettyRequestSender - Using open Channel [id: 0x4d628c60, L:/127.0.0.1:52666 - R:localhost/127.0.0.1:60207] for POST '/session/7417bc71dabc5dd2074a69fb2438d937/element/ecc2e9ee-a702-474f-823b-4df839a03323/clear'
15:13:16.088 [AsyncHttpClient-1-2] DEBUG o.a.netty.handler.HttpHandler - 

Request DefaultHttpRequest(decodeResult: success, version: HTTP/1.1)
POST /session/7417bc71dabc5dd2074a69fb2438d937/element/ecc2e9ee-a702-474f-823b-4df839a03323/clear HTTP/1.1
User-Agent: selenium/4.4.0 (java windows)
Content-Length: 50
Content-Type: application/json; charset=utf-8
host: localhost:60207
accept: */*

Response DefaultHttpResponse(decodeResult: success, version: HTTP/1.1)
HTTP/1.1 200 OK
Content-Type: application/json; charset=utf-8
cache-control: no-cache
content-length: 14

15:13:16.089 [AsyncHttpClient-1-2] DEBUG o.a.netty.channel.ChannelManager - Adding key: http://localhost:60207 for channel [id: 0x4d628c60, L:/127.0.0.1:52666 - R:localhost/127.0.0.1:60207]
15:13:16.091 [Forwarding findElement on session 7417bc71dabc5dd2074a69fb2438d937 to remote] DEBUG o.a.netty.request.NettyRequestSender - Using pooled Channel '[id: 0x4d628c60, L:/127.0.0.1:52666 - R:localhost/127.0.0.1:60207]' for 'POST' to 'http://localhost:60207/session/7417bc71dabc5dd2074a69fb2438d937/element'
15:13:16.091 [Forwarding findElement on session 7417bc71dabc5dd2074a69fb2438d937 to remote] DEBUG o.a.netty.request.NettyRequestSender - Using open Channel [id: 0x4d628c60, L:/127.0.0.1:52666 - R:localhost/127.0.0.1:60207] for POST '/session/7417bc71dabc5dd2074a69fb2438d937/element'
15:13:16.100 [AsyncHttpClient-1-2] DEBUG o.a.netty.handler.HttpHandler - 

Request DefaultHttpRequest(decodeResult: success, version: HTTP/1.1)
POST /session/7417bc71dabc5dd2074a69fb2438d937/element HTTP/1.1
User-Agent: selenium/4.4.0 (java windows)
Content-Length: 86
Content-Type: application/json; charset=utf-8
host: localhost:60207
accept: */*

Response DefaultHttpResponse(decodeResult: success, version: HTTP/1.1)
HTTP/1.1 200 OK
Content-Type: application/json; charset=utf-8
cache-control: no-cache
content-length: 88

15:13:16.100 [AsyncHttpClient-1-2] DEBUG o.a.netty.channel.ChannelManager - Adding key: http://localhost:60207 for channel [id: 0x4d628c60, L:/127.0.0.1:52666 - R:localhost/127.0.0.1:60207]
15:13:16.104 [Forwarding sendKeysToElement on session 7417bc71dabc5dd2074a69fb2438d937 to remote] DEBUG o.a.netty.request.NettyRequestSender - Using pooled Channel '[id: 0x4d628c60, L:/127.0.0.1:52666 - R:localhost/127.0.0.1:60207]' for 'POST' to 'http://localhost:60207/session/7417bc71dabc5dd2074a69fb2438d937/element/ecc2e9ee-a702-474f-823b-4df839a03323/value'
15:13:16.104 [Forwarding sendKeysToElement on session 7417bc71dabc5dd2074a69fb2438d937 to remote] DEBUG o.a.netty.request.NettyRequestSender - Using open Channel [id: 0x4d628c60, L:/127.0.0.1:52666 - R:localhost/127.0.0.1:60207] for POST '/session/7417bc71dabc5dd2074a69fb2438d937/element/ecc2e9ee-a702-474f-823b-4df839a03323/value'
15:13:16.272 [AsyncHttpClient-1-2] DEBUG o.a.netty.handler.HttpHandler - 

Request DefaultHttpRequest(decodeResult: success, version: HTTP/1.1)
POST /session/7417bc71dabc5dd2074a69fb2438d937/element/ecc2e9ee-a702-474f-823b-4df839a03323/value HTTP/1.1
User-Agent: selenium/4.4.0 (java windows)
Content-Length: 251
Content-Type: application/json; charset=utf-8
host: localhost:60207
accept: */*

Response DefaultHttpResponse(decodeResult: success, version: HTTP/1.1)
HTTP/1.1 200 OK
Content-Type: application/json; charset=utf-8
cache-control: no-cache
content-length: 14

15:13:16.273 [AsyncHttpClient-1-2] DEBUG o.a.netty.channel.ChannelManager - Adding key: http://localhost:60207 for channel [id: 0x4d628c60, L:/127.0.0.1:52666 - R:localhost/127.0.0.1:60207]
15:13:16.281 [Forwarding findElement on session 7417bc71dabc5dd2074a69fb2438d937 to remote] DEBUG o.a.netty.request.NettyRequestSender - Using pooled Channel '[id: 0x4d628c60, L:/127.0.0.1:52666 - R:localhost/127.0.0.1:60207]' for 'POST' to 'http://localhost:60207/session/7417bc71dabc5dd2074a69fb2438d937/element'
15:13:16.281 [Forwarding findElement on session 7417bc71dabc5dd2074a69fb2438d937 to remote] DEBUG o.a.netty.request.NettyRequestSender - Using open Channel [id: 0x4d628c60, L:/127.0.0.1:52666 - R:localhost/127.0.0.1:60207] for POST '/session/7417bc71dabc5dd2074a69fb2438d937/element'
15:13:16.304 [AsyncHttpClient-1-2] DEBUG o.a.netty.handler.HttpHandler - 

Request DefaultHttpRequest(decodeResult: success, version: HTTP/1.1)
POST /session/7417bc71dabc5dd2074a69fb2438d937/element HTTP/1.1
User-Agent: selenium/4.4.0 (java windows)
Content-Length: 101
Content-Type: application/json; charset=utf-8
host: localhost:60207
accept: */*

Response DefaultHttpResponse(decodeResult: success, version: HTTP/1.1)
HTTP/1.1 200 OK
Content-Type: application/json; charset=utf-8
cache-control: no-cache
content-length: 88

15:13:16.305 [AsyncHttpClient-1-2] DEBUG o.a.netty.channel.ChannelManager - Adding key: http://localhost:60207 for channel [id: 0x4d628c60, L:/127.0.0.1:52666 - R:localhost/127.0.0.1:60207]
15:13:16.312 [Forwarding isElementDisplayed on session 7417bc71dabc5dd2074a69fb2438d937 to remote] DEBUG o.a.netty.request.NettyRequestSender - Using pooled Channel '[id: 0x4d628c60, L:/127.0.0.1:52666 - R:localhost/127.0.0.1:60207]' for 'POST' to 'http://localhost:60207/session/7417bc71dabc5dd2074a69fb2438d937/execute/sync'
15:13:16.312 [Forwarding isElementDisplayed on session 7417bc71dabc5dd2074a69fb2438d937 to remote] DEBUG o.a.netty.request.NettyRequestSender - Using open Channel [id: 0x4d628c60, L:/127.0.0.1:52666 - R:localhost/127.0.0.1:60207] for POST '/session/7417bc71dabc5dd2074a69fb2438d937/execute/sync'
15:13:16.326 [AsyncHttpClient-1-2] DEBUG o.a.netty.handler.HttpHandler - 

Request DefaultHttpRequest(decodeResult: success, version: HTTP/1.1)
POST /session/7417bc71dabc5dd2074a69fb2438d937/execute/sync HTTP/1.1
User-Agent: selenium/4.4.0 (java windows)
Content-Length: 48780
Content-Type: application/json; charset=utf-8
host: localhost:60207
accept: */*

Response DefaultHttpResponse(decodeResult: success, version: HTTP/1.1)
HTTP/1.1 200 OK
Content-Type: application/json; charset=utf-8
cache-control: no-cache
content-length: 14

15:13:16.327 [AsyncHttpClient-1-2] DEBUG o.a.netty.channel.ChannelManager - Adding key: http://localhost:60207 for channel [id: 0x4d628c60, L:/127.0.0.1:52666 - R:localhost/127.0.0.1:60207]
15:13:16.330 [Forwarding findElement on session 7417bc71dabc5dd2074a69fb2438d937 to remote] DEBUG o.a.netty.request.NettyRequestSender - Using pooled Channel '[id: 0x4d628c60, L:/127.0.0.1:52666 - R:localhost/127.0.0.1:60207]' for 'POST' to 'http://localhost:60207/session/7417bc71dabc5dd2074a69fb2438d937/element'
15:13:16.330 [Forwarding findElement on session 7417bc71dabc5dd2074a69fb2438d937 to remote] DEBUG o.a.netty.request.NettyRequestSender - Using open Channel [id: 0x4d628c60, L:/127.0.0.1:52666 - R:localhost/127.0.0.1:60207] for POST '/session/7417bc71dabc5dd2074a69fb2438d937/element'
15:13:16.327 [AsyncHttpClient-1-1] DEBUG o.a.netty.channel.DefaultChannelPool - Entry count for : http://localhost:52667 : 1
15:13:16.341 [AsyncHttpClient-1-2] DEBUG o.a.netty.handler.HttpHandler - 

Request DefaultHttpRequest(decodeResult: success, version: HTTP/1.1)
POST /session/7417bc71dabc5dd2074a69fb2438d937/element HTTP/1.1
User-Agent: selenium/4.4.0 (java windows)
Content-Length: 101
Content-Type: application/json; charset=utf-8
host: localhost:60207
accept: */*

Response DefaultHttpResponse(decodeResult: success, version: HTTP/1.1)
HTTP/1.1 200 OK
Content-Type: application/json; charset=utf-8
cache-control: no-cache
content-length: 88

15:13:16.342 [AsyncHttpClient-1-2] DEBUG o.a.netty.channel.ChannelManager - Adding key: http://localhost:60207 for channel [id: 0x4d628c60, L:/127.0.0.1:52666 - R:localhost/127.0.0.1:60207]
15:13:16.344 [Forwarding isElementEnabled on session 7417bc71dabc5dd2074a69fb2438d937 to remote] DEBUG o.a.netty.request.NettyRequestSender - Using pooled Channel '[id: 0x4d628c60, L:/127.0.0.1:52666 - R:localhost/127.0.0.1:60207]' for 'GET' to 'http://localhost:60207/session/7417bc71dabc5dd2074a69fb2438d937/element/876bf60f-9939-44fe-8ee1-8ecfada3353e/enabled'
[...]
15:14:07.984 [AsyncHttpClient-1-3] DEBUG o.a.netty.handler.HttpHandler - 

Request DefaultHttpRequest(decodeResult: success, version: HTTP/1.1)
POST /session/ba886431b45bbd10451824374b5d5aeb/element HTTP/1.1
User-Agent: selenium/4.4.0 (java windows)
Content-Length: 79
Content-Type: application/json; charset=utf-8
host: localhost:61782
accept: */*

Response DefaultHttpResponse(decodeResult: success, version: HTTP/1.1)
HTTP/1.1 404 Not Found
Content-Type: application/json; charset=utf-8
cache-control: no-cache
content-length: 967

15:14:07.984 [AsyncHttpClient-1-3] DEBUG o.a.netty.channel.ChannelManager - Adding key: http://localhost:61782 for channel [id: 0xd4fdb3a1, L:/127.0.0.1:52750 - R:localhost/127.0.0.1:61782]
15:14:08.130 [AsyncHttpClient-1-1] DEBUG o.a.netty.channel.DefaultChannelPool - Entry count for : http://localhost:61782 : 1
15:14:08.131 [AsyncHttpClient-1-1] DEBUG o.a.netty.channel.DefaultChannelPool - Entry count for : http://localhost:52751 : 1
15:14:08.498 [Forwarding findElement on session ba886431b45bbd10451824374b5d5aeb to remote] DEBUG o.a.netty.request.NettyRequestSender - Using pooled Channel '[id: 0xd4fdb3a1, L:/127.0.0.1:52750 - R:localhost/127.0.0.1:61782]' for 'POST' to 'http://localhost:61782/session/ba886431b45bbd10451824374b5d5aeb/element'
15:14:08.498 [Forwarding findElement on session ba886431b45bbd10451824374b5d5aeb to remote] DEBUG o.a.netty.request.NettyRequestSender - Using open Channel [id: 0xd4fdb3a1, L:/127.0.0.1:52750 - R:localhost/127.0.0.1:61782] for POST '/session/ba886431b45bbd10451824374b5d5aeb/element'
15:14:08.509 [AsyncHttpClient-1-3] DEBUG o.a.netty.handler.HttpHandler - 

Request DefaultHttpRequest(decodeResult: success, version: HTTP/1.1)
POST /session/ba886431b45bbd10451824374b5d5aeb/element HTTP/1.1
User-Agent: selenium/4.4.0 (java windows)
Content-Length: 79
Content-Type: application/json; charset=utf-8
host: localhost:61782
accept: */*

Response DefaultHttpResponse(decodeResult: success, version: HTTP/1.1)
HTTP/1.1 404 Not Found
Content-Type: application/json; charset=utf-8
cache-control: no-cache
content-length: 967

15:14:08.509 [AsyncHttpClient-1-3] DEBUG o.a.netty.channel.ChannelManager - Adding key: http://localhost:61782 for channel [id: 0xd4fdb3a1, L:/127.0.0.1:52750 - R:localhost/127.0.0.1:61782]
15:14:09.017 [Forwarding findElement on session ba886431b45bbd10451824374b5d5aeb to remote] DEBUG o.a.netty.request.NettyRequestSender - Using pooled Channel '[id: 0xd4fdb3a1, L:/127.0.0.1:52750 - R:localhost/127.0.0.1:61782]' for 'POST' to 'http://localhost:61782/session/ba886431b45bbd10451824374b5d5aeb/element'
15:14:09.017 [Forwarding findElement on session ba886431b45bbd10451824374b5d5aeb to remote] DEBUG o.a.netty.request.NettyRequestSender - Using open Channel [id: 0xd4fdb3a1, L:/127.0.0.1:52750 - R:localhost/127.0.0.1:61782] for POST '/session/ba886431b45bbd10451824374b5d5aeb/element'
15:14:09.027 [AsyncHttpClient-1-3] DEBUG o.a.netty.handler.HttpHandler - 

Request DefaultHttpRequest(decodeResult: success, version: HTTP/1.1)
POST /session/ba886431b45bbd10451824374b5d5aeb/element HTTP/1.1
User-Agent: selenium/4.4.0 (java windows)
Content-Length: 79
Content-Type: application/json; charset=utf-8
host: localhost:61782
accept: */*

Response DefaultHttpResponse(decodeResult: success, version: HTTP/1.1)
HTTP/1.1 404 Not Found
Content-Type: application/json; charset=utf-8
cache-control: no-cache
content-length: 967

15:14:09.027 [AsyncHttpClient-1-3] DEBUG o.a.netty.channel.ChannelManager - Adding key: http://localhost:61782 for channel [id: 0xd4fdb3a1, L:/127.0.0.1:52750 - R:localhost/127.0.0.1:61782]
15:14:09.238 [AsyncHttpClient-1-1] DEBUG o.a.netty.channel.DefaultChannelPool - Entry count for : http://localhost:61782 : 1
15:14:09.238 [AsyncHttpClient-1-1] DEBUG o.a.netty.channel.DefaultChannelPool - Entry count for : http://localhost:52751 : 1
15:14:09.536 [Forwarding findElement on session ba886431b45bbd10451824374b5d5aeb to remote] DEBUG o.a.netty.request.NettyRequestSender - Using pooled Channel '[id: 0xd4fdb3a1, L:/127.0.0.1:52750 - R:localhost/127.0.0.1:61782]' for 'POST' to 'http://localhost:61782/session/ba886431b45bbd10451824374b5d5aeb/element'
15:14:09.537 [Forwarding findElement on session ba886431b45bbd10451824374b5d5aeb to remote] DEBUG o.a.netty.request.NettyRequestSender - Using open Channel [id: 0xd4fdb3a1, L:/127.0.0.1:52750 - R:localhost/127.0.0.1:61782] for POST '/session/ba886431b45bbd10451824374b5d5aeb/element'
15:14:09.547 [AsyncHttpClient-1-3] DEBUG o.a.netty.handler.HttpHandler - 

Request DefaultHttpRequest(decodeResult: success, version: HTTP/1.1)
POST /session/ba886431b45bbd10451824374b5d5aeb/element HTTP/1.1
User-Agent: selenium/4.4.0 (java windows)
Content-Length: 79
Content-Type: application/json; charset=utf-8
host: localhost:61782
accept: */*

Response DefaultHttpResponse(decodeResult: success, version: HTTP/1.1)
HTTP/1.1 404 Not Found
Content-Type: application/json; charset=utf-8
cache-control: no-cache
content-length: 967

15:14:09.547 [AsyncHttpClient-1-3] DEBUG o.a.netty.channel.ChannelManager - Adding key: http://localhost:61782 for channel [id: 0xd4fdb3a1, L:/127.0.0.1:52750 - R:localhost/127.0.0.1:61782]
15:14:09.549 [Forwarding findElement on session ba886431b45bbd10451824374b5d5aeb to remote] DEBUG o.a.netty.request.NettyRequestSender - Using pooled Channel '[id: 0xd4fdb3a1, L:/127.0.0.1:52750 - R:localhost/127.0.0.1:61782]' for 'POST' to 'http://localhost:61782/session/ba886431b45bbd10451824374b5d5aeb/element'
15:14:09.549 [Forwarding findElement on session ba886431b45bbd10451824374b5d5aeb to remote] DEBUG o.a.netty.request.NettyRequestSender - Using open Channel [id: 0xd4fdb3a1, L:/127.0.0.1:52750 - R:localhost/127.0.0.1:61782] for POST '/session/ba886431b45bbd10451824374b5d5aeb/element'
15:14:09.558 [AsyncHttpClient-1-3] DEBUG o.a.netty.handler.HttpHandler - 

Request DefaultHttpRequest(decodeResult: success, version: HTTP/1.1)
POST /session/ba886431b45bbd10451824374b5d5aeb/element HTTP/1.1
User-Agent: selenium/4.4.0 (java windows)
Content-Length: 79
Content-Type: application/json; charset=utf-8
host: localhost:61782
accept: */*

Response DefaultHttpResponse(decodeResult: success, version: HTTP/1.1)
HTTP/1.1 404 Not Found
Content-Type: application/json; charset=utf-8
cache-control: no-cache
content-length: 967

15:14:09.559 [AsyncHttpClient-1-3] DEBUG o.a.netty.channel.ChannelManager - Adding key: http://localhost:61782 for channel [id: 0xd4fdb3a1, L:/127.0.0.1:52750 - R:localhost/127.0.0.1:61782]
15:14:09.562 [Forwarding findElement on session ba886431b45bbd10451824374b5d5aeb to remote] DEBUG o.a.netty.request.NettyRequestSender - Using pooled Channel '[id: 0xd4fdb3a1, L:/127.0.0.1:52750 - R:localhost/127.0.0.1:61782]' for 'POST' to 'http://localhost:61782/session/ba886431b45bbd10451824374b5d5aeb/element'
15:14:09.562 [Forwarding findElement on session ba886431b45bbd10451824374b5d5aeb to remote] DEBUG o.a.netty.request.NettyRequestSender - Using open Channel [id: 0xd4fdb3a1, L:/127.0.0.1:52750 - R:localhost/127.0.0.1:61782] for POST '/session/ba886431b45bbd10451824374b5d5aeb/element'
15:14:09.577 [AsyncHttpClient-1-3] DEBUG o.a.netty.handler.HttpHandler - 

Request DefaultHttpRequest(decodeResult: success, version: HTTP/1.1)
POST /session/ba886431b45bbd10451824374b5d5aeb/element HTTP/1.1
User-Agent: selenium/4.4.0 (java windows)
Content-Length: 69
Content-Type: application/json; charset=utf-8
host: localhost:61782
accept: */*

Response DefaultHttpResponse(decodeResult: success, version: HTTP/1.1)
HTTP/1.1 200 OK
Content-Type: application/json; charset=utf-8
cache-control: no-cache
content-length: 88

15:14:09.577 [AsyncHttpClient-1-3] DEBUG o.a.netty.channel.ChannelManager - Adding key: http://localhost:61782 for channel [id: 0xd4fdb3a1, L:/127.0.0.1:52750 - R:localhost/127.0.0.1:61782]
15:14:09.579 [Forwarding clickElement on session ba886431b45bbd10451824374b5d5aeb to remote] DEBUG o.a.netty.request.NettyRequestSender - Using pooled Channel '[id: 0xd4fdb3a1, L:/127.0.0.1:52750 - R:localhost/127.0.0.1:61782]' for 'POST' to 'http://localhost:61782/session/ba886431b45bbd10451824374b5d5aeb/element/9de53038-b553-4434-8ea5-9c98dcafa61d/click'
15:14:09.579 [Forwarding clickElement on session ba886431b45bbd10451824374b5d5aeb to remote] DEBUG o.a.netty.request.NettyRequestSender - Using open Channel [id: 0xd4fdb3a1, L:/127.0.0.1:52750 - R:localhost/127.0.0.1:61782] for POST '/session/ba886431b45bbd10451824374b5d5aeb/element/9de53038-b553-4434-8ea5-9c98dcafa61d/click'
15:14:09.634 [AsyncHttpClient-1-3] DEBUG o.a.netty.handler.HttpHandler - 

Request DefaultHttpRequest(decodeResult: success, version: HTTP/1.1)
POST /session/ba886431b45bbd10451824374b5d5aeb/element/9de53038-b553-4434-8ea5-9c98dcafa61d/click HTTP/1.1
User-Agent: selenium/4.4.0 (java windows)
Content-Length: 50
Content-Type: application/json; charset=utf-8
host: localhost:61782
accept: */*

Response DefaultHttpResponse(decodeResult: success, version: HTTP/1.1)
HTTP/1.1 200 OK
Content-Type: application/json; charset=utf-8
cache-control: no-cache
content-length: 14

15:14:09.634 [AsyncHttpClient-1-3] DEBUG o.a.netty.channel.ChannelManager - Adding key: http://localhost:61782 for channel [id: 0xd4fdb3a1, L:/127.0.0.1:52750 - R:localhost/127.0.0.1:61782]
15:14:09.641 [Test worker] ERROR ui_tests.TestBase - Test result: FAILED
15:14:09.645 [AsyncHttpClient-1-5] DEBUG o.a.netty.handler.WebSocketHandler - Channel Closed: [id: 0x0dc163c3, L:/127.0.0.1:52758 ! R:localhost/127.0.0.1:52751] with attribute NettyResponseFuture{currentRetry=0,
	isDone=1,
	isCancelled=0,
	asyncHandler=org.asynchttpclient.ws.WebSocketUpgradeHandler@75edc64d,
	nettyRequest=org.asynchttpclient.netty.request.NettyRequest@2ec0f131,
	future=java.util.concurrent.CompletableFuture@7712a5af[Completed normally],
	uri=ws://localhost:52751/devtools/browser/0c5523de-2e53-4c0a-b2b1-808d5a80d26a,
	keepAlive=true,
	redirectCount=0,
	timeoutsHolder=null,
	inAuth=0,
	touch=1679404437115}
15:14:09.645 [AsyncHttpClient-1-5] DEBUG o.a.netty.channel.ChannelManager - Closing Channel [id: 0x0dc163c3, L:/127.0.0.1:52758 ! R:localhost/127.0.0.1:52751] 
15:14:09.650 [Driver Command Executor] DEBUG o.a.netty.request.NettyRequestSender - Using pooled Channel '[id: 0xd4fdb3a1, L:/127.0.0.1:52750 - R:localhost/127.0.0.1:61782]' for 'DELETE' to 'http://localhost:61782/session/ba886431b45bbd10451824374b5d5aeb'
15:14:09.650 [Driver Command Executor] DEBUG o.a.netty.request.NettyRequestSender - Using open Channel [id: 0xd4fdb3a1, L:/127.0.0.1:52750 - R:localhost/127.0.0.1:61782] for DELETE '/session/ba886431b45bbd10451824374b5d5aeb'
15:14:09.892 [AsyncHttpClient-1-4] DEBUG o.a.netty.handler.HttpHandler - Unexpected I/O exception on channel [id: 0x4e7d8d5c, L:/127.0.0.1:52757 - R:localhost/127.0.0.1:52751]
java.io.IOException: ????????? ???? ????????????? ???????? ???????????? ???????????
	at sun.nio.ch.SocketDispatcher.read0(Native Method)
	at sun.nio.ch.SocketDispatcher.read(SocketDispatcher.java:43)
	at sun.nio.ch.IOUtil.readIntoNativeBuffer(IOUtil.java:223)
	at sun.nio.ch.IOUtil.read(IOUtil.java:192)
	at sun.nio.ch.SocketChannelImpl.read(SocketChannelImpl.java:378)
	at io.netty.buffer.PooledByteBuf.setBytes(PooledByteBuf.java:258)
	at io.netty.buffer.AbstractByteBuf.writeBytes(AbstractByteBuf.java:1132)
	at io.netty.channel.socket.nio.NioSocketChannel.doReadBytes(NioSocketChannel.java:357)
	at io.netty.channel.nio.AbstractNioByteChannel$NioByteUnsafe.read(AbstractNioByteChannel.java:151)
	at io.netty.channel.nio.NioEventLoop.processSelectedKey(NioEventLoop.java:722)
	at io.netty.channel.nio.NioEventLoop.processSelectedKeysOptimized(NioEventLoop.java:658)
	at io.netty.channel.nio.NioEventLoop.processSelectedKeys(NioEventLoop.java:584)
	at io.netty.channel.nio.NioEventLoop.run(NioEventLoop.java:496)
	at io.netty.util.concurrent.SingleThreadEventExecutor$4.run(SingleThreadEventExecutor.java:997)
	at io.netty.util.internal.ThreadExecutorMap$2.run(ThreadExecutorMap.java:74)
	at io.netty.util.concurrent.FastThreadLocalRunnable.run(FastThreadLocalRunnable.java:30)
	at java.lang.Thread.run(Thread.java:750)
15:14:09.892 [AsyncHttpClient-1-4] DEBUG o.a.netty.channel.ChannelManager - Closing Channel [id: 0x4e7d8d5c, L:/127.0.0.1:52757 - R:localhost/127.0.0.1:52751] 
15:14:09.893 [AsyncHttpClient-1-4] DEBUG o.a.netty.handler.HttpHandler - Channel Closed: [id: 0x4e7d8d5c, L:/127.0.0.1:52757 ! R:localhost/127.0.0.1:52751] with attribute DISCARD
15:14:09.924 [AsyncHttpClient-1-3] DEBUG o.a.netty.handler.HttpHandler - 

Request DefaultFullHttpRequest(decodeResult: success, version: HTTP/1.1, content: EmptyByteBufBE)
DELETE /session/ba886431b45bbd10451824374b5d5aeb HTTP/1.1
User-Agent: selenium/4.4.0 (java windows)
Content-Type: application/json; charset=utf-8
host: localhost:61782
accept: */*

Response DefaultHttpResponse(decodeResult: success, version: HTTP/1.1)
HTTP/1.1 200 OK
Content-Type: application/json; charset=utf-8
cache-control: no-cache
content-length: 14

15:14:09.925 [AsyncHttpClient-1-3] DEBUG o.a.netty.channel.ChannelManager - Adding key: http://localhost:61782 for channel [id: 0xd4fdb3a1, L:/127.0.0.1:52750 - R:localhost/127.0.0.1:61782]
15:14:10.116 [AsyncHttpClient-1-3] DEBUG o.a.netty.handler.HttpHandler - Channel Closed: [id: 0xd4fdb3a1, L:/127.0.0.1:52750 ! R:localhost/127.0.0.1:61782] with attribute DISCARD
15:14:10.328 [AsyncHttpClient-1-1] DEBUG o.a.netty.channel.DefaultChannelPool - Entry count for : http://localhost:61782 : 1
15:14:10.328 [AsyncHttpClient-1-1] DEBUG o.a.netty.channel.DefaultChannelPool - Entry count for : http://localhost:52751 : 1
15:14:10.329 [AsyncHttpClient-1-1] DEBUG o.a.netty.channel.DefaultChannelPool - Adding Candidate expired Channel [id: 0xd4fdb3a1, L:/127.0.0.1:52750 ! R:localhost/127.0.0.1:61782] isIdleTimeoutExpired=false isRemotelyClosed=true isTtlExpired=false
15:14:10.329 [AsyncHttpClient-1-1] DEBUG o.a.netty.channel.DefaultChannelPool - Closing Idle Channel [id: 0xd4fdb3a1, L:/127.0.0.1:52750 ! R:localhost/127.0.0.1:61782]
15:14:10.329 [AsyncHttpClient-1-1] DEBUG o.a.netty.channel.DefaultChannelPool - Adding Candidate expired Channel [id: 0x4e7d8d5c, L:/127.0.0.1:52757 ! R:localhost/127.0.0.1:52751] isIdleTimeoutExpired=false isRemotelyClosed=true isTtlExpired=false
15:14:10.329 [AsyncHttpClient-1-1] DEBUG o.a.netty.channel.DefaultChannelPool - Closing Idle Channel [id: 0x4e7d8d5c, L:/127.0.0.1:52757 ! R:localhost/127.0.0.1:52751]
15:14:10.329 [AsyncHttpClient-1-1] DEBUG o.a.netty.channel.DefaultChannelPool - Closed 2 connections out of 2 in 0 ms
15:14:10.633 [Test worker] INFO  ui_tests.TestBase - Stop test: registrationPositiveTest
15:14:10.633 [Test worker] INFO  ui_tests.TestBase - ======================================================
]]></system-out>
  <system-err><![CDATA[Starting ChromeDriver 111.0.5563.64 (c710e93d5b63b7095afe8c2c17df34408078439d-refs/branch-heads/5563@{#995}) on port 60207
Only local connections are allowed.
Please see https://chromedriver.chromium.org/security-considerations for suggestions on keeping ChromeDriver safe.
ChromeDriver was started successfully.
??? 21, 2023 3:13:10 PM org.openqa.selenium.remote.ProtocolHandshake createSession
INFO: Detected upstream dialect: W3C
??? 21, 2023 3:13:10 PM org.openqa.selenium.devtools.CdpVersionFinder findNearestMatch
WARNING: Unable to find an exact match for CDP version 111, so returning the closest version found: a no-op implementation
??? 21, 2023 3:13:10 PM org.openqa.selenium.devtools.CdpVersionFinder findNearestMatch
INFO: Unable to find CDP implementation matching 111.
??? 21, 2023 3:13:10 PM org.openqa.selenium.chromium.ChromiumDriver lambda$new$3
WARNING: Unable to find version of CDP to use for . You may need to include a dependency on a specific version of the CDP using something similar to `org.seleniumhq.selenium:selenium-devtools-v86:4.4.0` where the version ("v86") matches the version of the chromium-based browser you're using and the version number of the artifact is the same as Selenium's.
Starting ChromeDriver 111.0.5563.64 (c710e93d5b63b7095afe8c2c17df34408078439d-refs/branch-heads/5563@{#995}) on port 50062
Only local connections are allowed.
Please see https://chromedriver.chromium.org/security-considerations for suggestions on keeping ChromeDriver safe.
ChromeDriver was started successfully.
??? 21, 2023 3:13:26 PM org.openqa.selenium.remote.ProtocolHandshake createSession
INFO: Detected upstream dialect: W3C
??? 21, 2023 3:13:26 PM org.openqa.selenium.devtools.CdpVersionFinder findNearestMatch
WARNING: Unable to find an exact match for CDP version 111, so returning the closest version found: a no-op implementation
??? 21, 2023 3:13:26 PM org.openqa.selenium.devtools.CdpVersionFinder findNearestMatch
INFO: Unable to find CDP implementation matching 111.
??? 21, 2023 3:13:26 PM org.openqa.selenium.chromium.ChromiumDriver lambda$new$3
WARNING: Unable to find version of CDP to use for . You may need to include a dependency on a specific version of the CDP using something similar to `org.seleniumhq.selenium:selenium-devtools-v86:4.4.0` where the version ("v86") matches the version of the chromium-based browser you're using and the version number of the artifact is the same as Selenium's.
Starting ChromeDriver 111.0.5563.64 (c710e93d5b63b7095afe8c2c17df34408078439d-refs/branch-heads/5563@{#995}) on port 55440
Only local connections are allowed.
Please see https://chromedriver.chromium.org/security-considerations for suggestions on keeping ChromeDriver safe.
ChromeDriver was started successfully.
??? 21, 2023 3:13:42 PM org.openqa.selenium.remote.ProtocolHandshake createSession
INFO: Detected upstream dialect: W3C
??? 21, 2023 3:13:42 PM org.openqa.selenium.devtools.CdpVersionFinder findNearestMatch
WARNING: Unable to find an exact match for CDP version 111, so returning the closest version found: a no-op implementation
??? 21, 2023 3:13:42 PM org.openqa.selenium.devtools.CdpVersionFinder findNearestMatch
INFO: Unable to find CDP implementation matching 111.
??? 21, 2023 3:13:42 PM org.openqa.selenium.chromium.ChromiumDriver lambda$new$3
WARNING: Unable to find version of CDP to use for . You may need to include a dependency on a specific version of the CDP using something similar to `org.seleniumhq.selenium:selenium-devtools-v86:4.4.0` where the version ("v86") matches the version of the chromium-based browser you're using and the version number of the artifact is the same as Selenium's.
Starting ChromeDriver 111.0.5563.64 (c710e93d5b63b7095afe8c2c17df34408078439d-refs/branch-heads/5563@{#995}) on port 61782
Only local connections are allowed.
Please see https://chromedriver.chromium.org/security-considerations for suggestions on keeping ChromeDriver safe.
ChromeDriver was started successfully.
??? 21, 2023 3:13:57 PM org.openqa.selenium.remote.ProtocolHandshake createSession
INFO: Detected upstream dialect: W3C
??? 21, 2023 3:13:57 PM org.openqa.selenium.devtools.CdpVersionFinder findNearestMatch
WARNING: Unable to find an exact match for CDP version 111, so returning the closest version found: a no-op implementation
??? 21, 2023 3:13:57 PM org.openqa.selenium.devtools.CdpVersionFinder findNearestMatch
INFO: Unable to find CDP implementation matching 111.
??? 21, 2023 3:13:57 PM org.openqa.selenium.chromium.ChromiumDriver lambda$new$3
WARNING: Unable to find version of CDP to use for . You may need to include a dependency on a specific version of the CDP using something similar to `org.seleniumhq.selenium:selenium-devtools-v86:4.4.0` where the version ("v86") matches the version of the chromium-based browser you're using and the version number of the artifact is the same as Selenium's.
]]></system-err>
</testsuite>
